Info: constrained 'led_red' to bel 'X6/Y31/io0'
Info: constrained 'led_green' to bel 'X4/Y31/io0'
Info: constrained 'led_blue' to bel 'X5/Y31/io0'
Info: constrained 'spi_cs' to bel 'X24/Y0/io1'
Info: constrained 'gpio_23' to bel 'X19/Y31/io0'
Info: constrained 'gpio_25' to bel 'X19/Y31/io1'
Info: constrained 'gpio_26' to bel 'X18/Y31/io0'
Info: constrained 'gpio_27' to bel 'X18/Y31/io1'
Info: constrained 'gpio_32' to bel 'X16/Y31/io0'
Info: constrained 'gpio_35' to bel 'X12/Y31/io1'
Info: constrained 'gpio_31' to bel 'X16/Y31/io1'
Info: constrained 'gpio_37' to bel 'X13/Y31/io0'
Info: constrained 'gpio_34' to bel 'X13/Y31/io1'
Info: constrained 'gpio_43' to bel 'X9/Y31/io0'
Info: constrained 'gpio_36' to bel 'X9/Y31/io1'
Info: constrained 'gpio_42' to bel 'X8/Y31/io0'
Info: constrained 'gpio_38' to bel 'X8/Y31/io1'
Info: constrained 'gpio_28' to bel 'X17/Y31/io0'
Info: constrained 'gpio_20' to bel 'X19/Y0/io1'
Info: constrained 'gpio_10' to bel 'X16/Y0/io0'
Info: constraining clock net 'gpio_20' to 12.00 MHz
Info: constrained 'gpio_12' to bel 'X18/Y0/io0'
Info: constrained 'gpio_21' to bel 'X18/Y0/io1'
Info: constrained 'gpio_13' to bel 'X19/Y0/io0'
Info: constrained 'gpio_19' to bel 'X21/Y0/io1'
Info: constrained 'gpio_18' to bel 'X22/Y0/io1'
Info: constrained 'gpio_11' to bel 'X17/Y0/io0'
Info: constrained 'gpio_9' to bel 'X15/Y0/io0'
Info: constrained 'gpio_6' to bel 'X13/Y0/io1'
Info: constrained 'gpio_44' to bel 'X6/Y0/io1'
Info: constrained 'gpio_4' to bel 'X9/Y0/io0'
Info: constrained 'gpio_3' to bel 'X9/Y0/io1'
Info: constrained 'gpio_48' to bel 'X7/Y0/io0'
Info: constrained 'gpio_45' to bel 'X7/Y0/io1'
Info: constrained 'gpio_47' to bel 'X6/Y0/io0'
Info: constrained 'gpio_46' to bel 'X5/Y0/io0'
Info: constrained 'gpio_2' to bel 'X8/Y0/io0'

Info: Packing constants..
Info: Packing IOs..
Info: gpio_4 feeds SB_IO dv_signals_sbio[5], removing $nextpnr_obuf gpio_4.
Info: gpio_3 feeds SB_IO dv_signals_sbio[1], removing $nextpnr_obuf gpio_3.
Info: gpio_21 feeds SB_IO dv_signals_sbio[13], removing $nextpnr_obuf gpio_21.
Info: gpio_2 feeds SB_IO dv_clk_sbio, removing $nextpnr_obuf gpio_2.
Info: gpio_19 feeds SB_IO dv_signals_sbio[7], removing $nextpnr_obuf gpio_19.
Info: gpio_18 feeds SB_IO dv_signals_sbio[3], removing $nextpnr_obuf gpio_18.
Info: gpio_13 feeds SB_IO dv_signals_sbio[11], removing $nextpnr_obuf gpio_13.
Info: gpio_12 feeds SB_IO dv_signals_sbio[12], removing $nextpnr_obuf gpio_12.
Info: gpio_11 feeds SB_IO dv_signals_sbio[10], removing $nextpnr_obuf gpio_11.
Info: gpio_42 feeds SB_IO bus_tristate[5], removing $nextpnr_iobuf gpio_42.
Info: gpio_38 feeds SB_IO bus_tristate[6], removing $nextpnr_iobuf gpio_38.
Info: gpio_37 feeds SB_IO bus_tristate[1], removing $nextpnr_iobuf gpio_37.
Info: gpio_36 feeds SB_IO bus_tristate[4], removing $nextpnr_iobuf gpio_36.
Info: gpio_34 feeds SB_IO bus_tristate[2], removing $nextpnr_iobuf gpio_34.
Info: gpio_31 feeds SB_IO bus_tristate[0], removing $nextpnr_iobuf gpio_31.
Info: gpio_28 feeds SB_IO bus_tristate[7], removing $nextpnr_iobuf gpio_28.
Info: gpio_43 feeds SB_IO bus_tristate[3], removing $nextpnr_iobuf gpio_43.
Info: gpio_9 feeds SB_IO dv_signals_sbio[6], removing $nextpnr_obuf gpio_9.
Info: gpio_6 feeds SB_IO dv_signals_sbio[2], removing $nextpnr_obuf gpio_6.
Info: gpio_48 feeds SB_IO dv_signals_sbio[8], removing $nextpnr_obuf gpio_48.
Info: gpio_47 feeds SB_IO dv_signals_sbio[0], removing $nextpnr_obuf gpio_47.
Info: gpio_46 feeds SB_IO dv_signals_sbio[14], removing $nextpnr_obuf gpio_46.
Info: gpio_45 feeds SB_IO dv_signals_sbio[4], removing $nextpnr_obuf gpio_45.
Info: gpio_44 feeds SB_IO dv_signals_sbio[9], removing $nextpnr_obuf gpio_44.
Info: Packing LUT-FFs..
Info:     2503 LCs used as LUT4 only
Info:     1293 LCs used as LUT4 and DFF
Info: Packing non-LUT FFs..
Info:      931 LCs used as DFF only
Info: Packing carries..
Info:       53 LCs used as CARRY only
Info: Packing indirect carry+LUT pairs...
Info:       39 LUTs merged into carry LCs
Info: Packing RAMs..
Info: Placing PLLs..
Info:   constrained PLL 'pll_inst' to X12/Y31/pll_3
Info: Packing special functions..
Info: Packing PLLs..
Info:     Input frequency of PLL 'pll_inst' is constrained to 12.0 MHz
Info:     VCO frequency of PLL 'pll_inst' is constrained to 804.5 MHz
Info:     Derived frequency constraint of 25.1 MHz for net pclk
Info:   PLL 'pll_inst' has LOCK output, need to pass all outputs via LUT
Info:   constrained 'pll_lock_SB_LUT4_I3_LC' to X1/Y30/lc0
Info: Promoting globals..
Info: promoting bus_data_out_SB_LUT4_O_2_I0_SB_LUT4_O_I3[0] [reset] (fanout 1952)
Info: promoting $PACKER_VCC_NET [logic] (fanout 240)
Info: promoting xosera_main.blitter.blit_addr_next_SB_LUT4_O_1_I0[2] [logic] (fanout 170)
Info: promoting xosera_main.video_gen.pa_bpp[1] [logic] (fanout 88)
Info: promoting xosera_main.blitter.blit_mod_A_SB_DFFESR_Q_E[2] [cen] (fanout 87)
Info: promoting xosera_main.video_gen.pb_bitmap_SB_LUT4_I0_2_O[0] [logic] (fanout 86)
Info: promoting xosera_main.video_gen.video_pf_a.pf_words_ready_SB_LUT4_I3_O [cen] (fanout 65)
Info: Constraining chains...
Info:       43 LCs used to legalise carry chains.
Info: Checksum: 0x7333819e

Info: Annotating ports with timing budgets for target frequency 12.00 MHz
Info: Checksum: 0x0a3d572f

Info: Device utilisation:
Info: 	         ICESTORM_LC:  4786/ 5280    90%
Info: 	        ICESTORM_RAM:    30/   30   100%
Info: 	               SB_IO:    36/   96    37%
Info: 	               SB_GB:     8/    8   100%
Info: 	        ICESTORM_PLL:     1/    1   100%
Info: 	         SB_WARMBOOT:     1/    1   100%
Info: 	        ICESTORM_DSP:     2/    8    25%
Info: 	      ICESTORM_HFOSC:     0/    1     0%
Info: 	      ICESTORM_LFOSC:     0/    1     0%
Info: 	              SB_I2C:     0/    2     0%
Info: 	              SB_SPI:     0/    2     0%
Info: 	              IO_I3C:     0/    2     0%
Info: 	         SB_LEDDA_IP:     0/    1     0%
Info: 	         SB_RGBA_DRV:     0/    1     0%
Info: 	      ICESTORM_SPRAM:     4/    4   100%

Info: Placed 39 cells based on constraints.
Info: Creating initial analytic placement for 4304 cells, random placement wirelen = 119757.
Info:     at initial placer iter 0, wirelen = 1560
Info:     at initial placer iter 1, wirelen = 1315
Info:     at initial placer iter 2, wirelen = 1352
Info:     at initial placer iter 3, wirelen = 1389
Info: Running main analytical placer.
Info:     at iteration #1, type ALL: wirelen solved = 1366, spread = 44900, legal = 76569; time = 2.27s
Info:     at iteration #2, type ALL: wirelen solved = 2058, spread = 39611, legal = 71820; time = 2.31s
Info:     at iteration #3, type ALL: wirelen solved = 2567, spread = 30770, legal = 63148; time = 2.36s
Info:     at iteration #4, type ALL: wirelen solved = 4063, spread = 28338, legal = 61556; time = 2.82s
Info:     at iteration #5, type ALL: wirelen solved = 5157, spread = 27691, legal = 56562; time = 2.07s
Info:     at iteration #6, type ALL: wirelen solved = 6538, spread = 26772, legal = 57184; time = 2.21s
Info:     at iteration #7, type ALL: wirelen solved = 6947, spread = 26414, legal = 56084; time = 2.03s
Info:     at iteration #8, type ALL: wirelen solved = 8151, spread = 25536, legal = 57093; time = 2.39s
Info:     at iteration #9, type ALL: wirelen solved = 8950, spread = 25229, legal = 55574; time = 1.83s
Info:     at iteration #10, type ALL: wirelen solved = 9270, spread = 25117, legal = 56309; time = 1.67s
Info:     at iteration #11, type ALL: wirelen solved = 9729, spread = 24787, legal = 55576; time = 2.05s
Info:     at iteration #12, type ALL: wirelen solved = 10413, spread = 24502, legal = 55656; time = 1.88s
Info:     at iteration #13, type ALL: wirelen solved = 10470, spread = 24260, legal = 54093; time = 2.31s
Info:     at iteration #14, type ALL: wirelen solved = 11253, spread = 24417, legal = 56540; time = 2.21s
Info:     at iteration #15, type ALL: wirelen solved = 12081, spread = 24749, legal = 54353; time = 2.38s
Info:     at iteration #16, type ALL: wirelen solved = 12142, spread = 24530, legal = 51225; time = 1.42s
Info:     at iteration #17, type ALL: wirelen solved = 12987, spread = 24042, legal = 56472; time = 1.89s
Info:     at iteration #18, type ALL: wirelen solved = 12935, spread = 23961, legal = 53606; time = 1.97s
Info:     at iteration #19, type ALL: wirelen solved = 13260, spread = 23927, legal = 51795; time = 1.47s
Info:     at iteration #20, type ALL: wirelen solved = 14231, spread = 24545, legal = 51950; time = 1.29s
Info:     at iteration #21, type ALL: wirelen solved = 14047, spread = 24300, legal = 54492; time = 2.30s
Info: HeAP Placer Time: 45.67s
Info:   of which solving equations: 5.80s
Info:   of which spreading cells: 0.72s
Info:   of which strict legalisation: 37.84s

Info: Running simulated annealing placer for refinement.
Info:   at iteration #1: temp = 0.000000, timing cost = 1329, wirelen = 51225
Info:   at iteration #5: temp = 0.000000, timing cost = 2444, wirelen = 43121
Info:   at iteration #10: temp = 0.000000, timing cost = 2821, wirelen = 39617
Info:   at iteration #15: temp = 0.000000, timing cost = 2916, wirelen = 37603
Info:   at iteration #20: temp = 0.000000, timing cost = 2752, wirelen = 36449
Info:   at iteration #25: temp = 0.000000, timing cost = 2831, wirelen = 35951
Info:   at iteration #30: temp = 0.000000, timing cost = 2814, wirelen = 35828
Info:   at iteration #32: temp = 0.000000, timing cost = 2804, wirelen = 35811 
Info: SA placement time 18.34s

Info: Max frequency for clock 'pclk': 37.29 MHz (PASS at 25.14 MHz)

Info: Max delay <async>      -> <async>     : 7.87 ns
Info: Max delay <async>      -> posedge pclk: 4.41 ns
Info: Max delay posedge pclk -> <async>     : 7.95 ns

Info: Slack histogram:
Info:  legend: * represents 48 endpoint(s)
Info:          + represents [1,48) endpoint(s)
Info: [ 12959,  16321) |******+
Info: [ 16321,  19683) |*************************+
Info: [ 19683,  23045) |***************+
Info: [ 23045,  26407) |*******************************************+
Info: [ 26407,  29769) |************************************************************ 
Info: [ 29769,  33131) |******************+
Info: [ 33131,  36493) |********************************+
Info: [ 36493,  39855) |+
Info: [ 39855,  43217) | 
Info: [ 43217,  46579) | 
Info: [ 46579,  49941) | 
Info: [ 49941,  53303) | 
Info: [ 53303,  56665) | 
Info: [ 56665,  60027) | 
Info: [ 60027,  63389) | 
Info: [ 63389,  66751) | 
Info: [ 66751,  70113) | 
Info: [ 70113,  73475) | 
Info: [ 73475,  76837) |+
Info: [ 76837,  80199) |+
Info: Checksum: 0x0a077408
Info: Running timing-driven placement optimisation...
Info:    Iteration 0...
Info:    Iteration 1...
Info:    Iteration 2...
Info:    Iteration 3...
Info:    Iteration 4...
Info:    Iteration 5...
Info:    Iteration 6...
Info:    Iteration 7...
Info:    Iteration 8...
Info:    Iteration 9...
Info:    Iteration 10...
Info:    Iteration 11...
Info:    Iteration 12...
Info:    Iteration 13...
Info:    Iteration 14...
Info:    Iteration 15...
Info:    Iteration 16...
Info:    Iteration 17...
Info:    Iteration 18...
Info:    Iteration 19...
Info:    Iteration 20...
Info:    Iteration 21...
Info:    Iteration 22...
Info:    Iteration 23...
Info:    Iteration 24...
Info:    Iteration 25...
Info:    Iteration 26...
Info:    Iteration 27...
Info:    Iteration 28...
Info:    Iteration 29...

Info: Routing..
Info: Setting up routing queue.
Info: Routing 16661 arcs.
Info:            |   (re-)routed arcs  |   delta    | remaining|       time spent     |
Info:    IterCnt |  w/ripup   wo/ripup |  w/r  wo/r |      arcs| batch(sec) total(sec)|
Info:       1000 |      275        724 |  275   724 |     15973|       6.19       6.19|
Info:       2000 |      376       1623 |  101   899 |     15106|       2.05       8.24|
Info:       3000 |      655       2344 |  279   721 |     14497|       2.45      10.69|
Info:       4000 |      922       3077 |  267   733 |     13900|       2.37      13.06|
Info:       5000 |     1266       3733 |  344   656 |     13435|       2.14      15.20|
Info:       6000 |     1620       4379 |  354   646 |     13022|       1.96      17.16|
Info:       7000 |     2050       4949 |  430   570 |     12740|       2.16      19.32|
Info:       8000 |     2519       5480 |  469   531 |     12539|       2.33      21.65|
Info:       9000 |     3028       5971 |  509   491 |     12342|       2.85      24.50|
Info:      10000 |     3557       6442 |  529   471 |     12163|       2.82      27.32|
Info:      11000 |     4119       6880 |  562   438 |     12048|       3.08      30.40|
Info:      12000 |     4648       7351 |  529   471 |     11933|       3.49      33.89|
Info:      13000 |     5169       7830 |  521   479 |     11852|       3.00      36.89|
Info:      14000 |     5732       8267 |  563   437 |     11790|       2.73      39.62|
Info:      15000 |     6278       8721 |  546   454 |     11656|       3.14      42.76|
Info:      16000 |     6877       9122 |  599   401 |     11623|       3.15      45.91|
Info:      17000 |     7417       9582 |  540   460 |     11517|       2.80      48.71|
Info:      18000 |     8015       9984 |  598   402 |     11457|       3.55      52.26|
Info:      19000 |     8564      10435 |  549   451 |     11361|       3.59      55.85|
Info:      20000 |     9156      10843 |  592   408 |     11315|       3.09      58.94|
Info:      21000 |     9711      11288 |  555   445 |     11220|       3.05      61.99|
Info:      22000 |    10322      11677 |  611   389 |     11177|       3.27      65.26|
Info:      23000 |    10848      12151 |  526   474 |     11130|       2.57      67.83|
Info:      24000 |    11439      12560 |  591   409 |     11109|       3.07      70.90|
Info:      25000 |    12004      12995 |  565   435 |     11026|       3.00      73.90|
Info:      26000 |    12608      13391 |  604   396 |     10942|       2.67      76.57|
Info:      27000 |    13193      13806 |  585   415 |     10891|       3.35      79.92|
Info:      28000 |    13767      14232 |  574   426 |     10828|       3.47      83.39|
Info:      29000 |    14347      14652 |  580   420 |     10795|       3.15      86.54|
Info:      30000 |    14910      15089 |  563   437 |     10774|       2.86      89.40|
Info:      31000 |    15482      15517 |  572   428 |     10697|       3.02      92.42|
Info:      32000 |    16091      15908 |  609   391 |     10609|       2.82      95.24|
Info:      33000 |    16682      16317 |  591   409 |     10571|       2.97      98.20|
Info:      34000 |    17289      16710 |  607   393 |     10535|       2.70     100.91|
Info:      35000 |    17889      17110 |  600   400 |     10520|       2.79     103.70|
Info:      36000 |    18553      17446 |  664   336 |     10478|       3.08     106.78|
Info:      37000 |    19220      17779 |  667   333 |     10453|       3.92     110.70|
Info:      38000 |    19854      18145 |  634   366 |     10409|       3.09     113.79|
Info:      39000 |    20500      18499 |  646   354 |     10404|       2.87     116.66|
Info:      40000 |    21126      18873 |  626   374 |     10383|       3.55     120.21|
Info:      41000 |    21736      19263 |  610   390 |     10328|       4.05     124.26|
Info:      42000 |    22320      19679 |  584   416 |     10255|       3.02     127.28|
Info:      43000 |    22955      20044 |  635   365 |     10229|       2.52     129.80|
Info:      44000 |    23551      20448 |  596   404 |     10202|       2.90     132.70|
Info:      45000 |    24107      20892 |  556   444 |     10129|       2.40     135.10|
Info:      46000 |    24720      21279 |  613   387 |     10123|       2.69     137.80|
Info:      47000 |    25371      21628 |  651   349 |     10098|       3.05     140.84|
Info:      48000 |    26015      21984 |  644   356 |     10025|       3.10     143.95|
Info:      49000 |    26635      22364 |  620   380 |      9964|       2.88     146.83|
Info:      50000 |    27266      22733 |  631   369 |      9946|       3.05     149.88|
Info:      51000 |    27923      23076 |  657   343 |      9925|       3.08     152.96|
Info:      52000 |    28562      23437 |  639   361 |      9917|       3.17     156.13|
Info:      53000 |    29202      23797 |  640   360 |      9878|       3.57     159.70|
Info:      54000 |    29838      24161 |  636   364 |      9797|       2.85     162.55|
Info:      55000 |    30528      24471 |  690   310 |      9800|       3.03     165.58|
Info:      56000 |    31222      24777 |  694   306 |      9755|       2.25     167.82|
Info:      57000 |    31870      25129 |  648   352 |      9725|       3.17     170.99|
Info:      58000 |    32518      25481 |  648   352 |      9665|       3.07     174.06|
Info:      59000 |    33128      25871 |  610   390 |      9598|       2.55     176.61|
Info:      60000 |    33865      26134 |  737   263 |      9548|       3.10     179.71|
Info:      61000 |    34459      26540 |  594   406 |      9485|       3.18     182.89|
Info:      62000 |    35093      26906 |  634   366 |      9436|       3.42     186.31|
Info:      63000 |    35738      27261 |  645   355 |      9419|       4.26     190.57|
Info:      64000 |    36361      27638 |  623   377 |      9374|       3.45     194.02|
Info:      65000 |    37031      27968 |  670   330 |      9358|       3.34     197.36|
Info:      66000 |    37668      28331 |  637   363 |      9360|       3.66     201.02|
Info:      67000 |    38317      28682 |  649   351 |      9323|       3.99     205.00|
Info:      68000 |    38934      29065 |  617   383 |      9265|       3.58     208.59|
Info:      69000 |    39593      29406 |  659   341 |      9166|       4.36     212.95|
Info:      70000 |    40217      29782 |  624   376 |      9170|       4.10     217.05|
Info:      71000 |    40781      30218 |  564   436 |      9102|       3.04     220.10|
Info:      72000 |    41345      30654 |  564   436 |      9018|       3.08     223.18|
Info:      73000 |    41957      31042 |  612   388 |      8950|       2.96     226.14|
Info:      74000 |    42586      31413 |  629   371 |      8909|       4.81     230.95|
Info:      75000 |    43167      31832 |  581   419 |      8844|       3.30     234.25|
Info:      76000 |    43801      32198 |  634   366 |      8811|       3.80     238.05|
Info:      77000 |    44449      32550 |  648   352 |      8759|       2.50     240.55|
Info:      78000 |    45029      32970 |  580   420 |      8699|       2.69     243.25|
Info:      79000 |    45682      33317 |  653   347 |      8627|       2.34     245.59|
Info:      80000 |    46317      33682 |  635   365 |      8554|       3.51     249.10|
Info:      81000 |    46958      34041 |  641   359 |      8506|       3.10     252.20|
Info:      82000 |    47602      34397 |  644   356 |      8454|       3.15     255.34|
Info:      83000 |    48196      34803 |  594   406 |      8451|       4.33     259.67|
Info:      84000 |    48843      35156 |  647   353 |      8418|       3.22     262.89|
Info:      85000 |    49438      35561 |  595   405 |      8368|       2.48     265.37|
Info:      86000 |    50106      35893 |  668   332 |      8336|       4.15     269.52|
Info:      87000 |    50724      36275 |  618   382 |      8318|       3.67     273.19|
Info:      88000 |    51410      36589 |  686   314 |      8274|       4.39     277.58|
Info:      89000 |    52012      36987 |  602   398 |      8222|       3.41     280.99|
Info:      90000 |    52621      37378 |  609   391 |      8162|       3.56     284.55|
Info:      91000 |    53238      37761 |  617   383 |      8100|       5.40     289.95|
Info:      92000 |    53905      38094 |  667   333 |      8028|       2.69     292.64|
Info:      93000 |    54621      38378 |  716   284 |      8003|       3.19     295.83|
Info:      94000 |    55308      38691 |  687   313 |      8005|       3.03     298.86|
Info:      95000 |    55999      39000 |  691   309 |      7922|       2.67     301.53|
Info:      96000 |    56694      39305 |  695   305 |      7892|       4.51     306.04|
Info:      97000 |    57400      39599 |  706   294 |      7870|       5.73     311.77|
Info:      98000 |    58005      39994 |  605   395 |      7849|       4.44     316.21|
Info:      99000 |    58714      40285 |  709   291 |      7826|       4.21     320.42|
Info:     100000 |    59413      40586 |  699   301 |      7788|       4.42     324.85|
Info:     101000 |    60024      40975 |  611   389 |      7738|       5.01     329.86|
Info:     102000 |    60731      41268 |  707   293 |      7712|       5.58     335.44|
Info:     103000 |    61374      41625 |  643   357 |      7663|       3.31     338.74|
Info:     104000 |    61979      42020 |  605   395 |      7583|       3.77     342.51|
Info:     105000 |    62564      42435 |  585   415 |      7545|       3.52     346.04|
Info:     106000 |    63213      42786 |  649   351 |      7549|       5.70     351.74|
Info:     107000 |    63876      43123 |  663   337 |      7463|       2.96     354.70|
Info:     108000 |    64506      43484 |  630   361 |      7413|       5.63     360.33|
Info:     109000 |    65126      43856 |  620   372 |      7389|       2.26     362.60|
Info:     110000 |    65774      44208 |  648   352 |      7382|       3.61     366.21|
Info:     111000 |    66459      44523 |  685   315 |      7381|       3.52     369.73|
Info:     112000 |    67157      44825 |  698   302 |      7382|       4.88     374.61|
Info:     113000 |    67816      45166 |  659   341 |      7345|       2.80     377.41|
Info:     114000 |    68379      45603 |  563   437 |      7303|       5.20     382.61|
Info:     115000 |    68939      46043 |  560   440 |      7282|       4.69     387.29|
Info:     116000 |    69541      46441 |  602   398 |      7250|       3.46     390.75|
Info:     117000 |    70187      46792 |  646   351 |      7180|       4.05     394.81|
Info:     118000 |    70824      47155 |  637   363 |      7167|       5.33     400.14|
Info:     119000 |    71503      47476 |  679   321 |      7160|       4.35     404.49|
Info:     120000 |    72139      47840 |  636   364 |      7125|       5.28     409.77|
Info:     121000 |    72819      48160 |  680   320 |      7068|       3.01     412.78|
Info:     122000 |    73528      48451 |  709   291 |      7113|       4.34     417.12|
Info:     123000 |    74159      48820 |  631   369 |      7053|       3.74     420.86|
Info:     124000 |    74855      49124 |  696   304 |      7025|       3.78     424.64|
Info:     125000 |    75515      49462 |  660   338 |      6947|       3.28     427.92|
Info:     126000 |    76156      49798 |  641   336 |      6885|       4.06     431.98|
Info:     127000 |    76763      50191 |  607   393 |      6845|       3.61     435.59|
Info:     128000 |    77361      50593 |  598   402 |      6804|       4.03     439.62|
Info:     129000 |    78049      50905 |  688   312 |      6779|       7.22     446.84|
Info:     130000 |    78774      51171 |  725   266 |      6752|       7.18     454.02|
Info:     131000 |    79388      51557 |  614   386 |      6726|       3.91     457.93|
Info:     132000 |    80053      51892 |  665   335 |      6704|       6.27     464.20|
Info:     133000 |    80711      52232 |  658   340 |      6675|       4.67     468.87|
Info:     134000 |    81429      52514 |  718   282 |      6649|       6.44     475.31|
Info:     135000 |    82157      52785 |  728   271 |      6636|       7.53     482.84|
Info:     136000 |    82825      53115 |  668   330 |      6562|       3.66     486.50|
Info:     137000 |    83523      53417 |  698   302 |      6554|       2.57     489.07|
Info:     138000 |    84214      53722 |  691   305 |      6526|       3.28     492.35|
Info:     139000 |    84903      54033 |  689   311 |      6517|       3.78     496.13|
Info:     140000 |    85559      54367 |  656   334 |      6464|       3.67     499.80|
Info:     141000 |    86165      54740 |  606   373 |      6330|       5.85     505.65|
Info:     142000 |    86861      55044 |  696   304 |      6307|       5.53     511.18|
Info:     143000 |    87592      55313 |  731   269 |      6307|       7.47     518.65|
Info:     144000 |    88312      55593 |  720   280 |      6305|       6.15     524.80|
Info:     145000 |    88897      56007 |  585   414 |      6272|       5.52     530.32|
Info:     146000 |    89530      56374 |  633   367 |      6239|       4.24     534.56|
Info:     147000 |    90250      56654 |  720   280 |      6247|       6.22     540.78|
Info:     148000 |    90895      57009 |  645   355 |      6220|       2.91     543.69|
Info:     149000 |    91535      57369 |  640   360 |      6210|       5.29     548.98|
Info:     150000 |    92199      57705 |  664   336 |      6206|       5.38     554.36|
Info:     151000 |    92819      58084 |  620   379 |      6157|       5.08     559.45|
Info:     152000 |    93470      58433 |  651   349 |      6141|       9.79     569.24|
Info:     153000 |    94249      58654 |  779   221 |      6132|       4.73     573.97|
Info:     154000 |    94941      58962 |  692   308 |      6122|       7.11     581.08|
Info:     155000 |    95604      59299 |  663   337 |      6073|       5.33     586.41|
Info:     156000 |    96240      59651 |  636   352 |      6048|       5.72     592.13|
Info:     157000 |    96913      59975 |  673   324 |      6008|       5.34     597.47|
Info:     158000 |    97656      60232 |  743   257 |      5978|      10.39     607.86|
Info:     159000 |    98313      60575 |  657   343 |      5957|       6.66     614.52|
Info:     160000 |    98987      60901 |  674   326 |      5973|       6.00     620.53|
Info:     161000 |    99594      61294 |  607   393 |      5913|       6.42     626.95|
Info:     162000 |   100268      61620 |  674   326 |      5893|       5.16     632.11|
Info:     163000 |   101001      61884 |  733   264 |      5911|       7.76     639.86|
Info:     164000 |   101672      62212 |  671   328 |      5853|       8.64     648.50|
Info:     165000 |   102356      62528 |  684   316 |      5827|       9.99     658.50|
Info:     166000 |   103038      62834 |  682   306 |      5816|       7.32     665.81|
Info:     167000 |   103688      63184 |  650   350 |      5856|       6.34     672.15|
Info:     168000 |   104303      63569 |  615   385 |      5774|       6.44     678.59|
Info:     169000 |   104927      63945 |  624   376 |      5787|       8.17     686.76|
Info:     170000 |   105536      64336 |  609   391 |      5734|       9.91     696.67|
Info:     171000 |   106236      64626 |  700   290 |      5666|       4.35     701.02|
Info:     172000 |   106982      64880 |  746   254 |      5673|       4.43     705.45|
Info:     173000 |   107696      65166 |  714   286 |      5675|       6.44     711.88|
Info:     174000 |   108333      65528 |  637   362 |      5642|       5.10     716.98|
Info:     175000 |   108992      65869 |  659   341 |      5594|       6.71     723.69|
Info:     176000 |   109692      66169 |  700   300 |      5573|       7.75     731.44|
Info:     177000 |   110397      66464 |  705   295 |      5563|       7.84     739.28|
Info:     178000 |   111072      66789 |  675   325 |      5547|       6.02     745.31|
Info:     179000 |   111692      67169 |  620   380 |      5558|       6.00     751.30|
Info:     180000 |   112339      67522 |  647   353 |      5564|       6.55     757.86|
Info:     181000 |   112996      67865 |  657   343 |      5555|       8.22     766.08|
Info:     182000 |   113645      68196 |  649   331 |      5484|       4.03     770.11|
Info:     183000 |   114386      68455 |  741   259 |      5463|       9.25     779.36|
Info:     184000 |   115074      68767 |  688   312 |      5478|       8.22     787.57|
Info:     185000 |   115803      69038 |  729   271 |      5457|      15.05     802.63|
Info:     186000 |   116453      69388 |  650   350 |      5429|       7.90     810.53|
Info:     187000 |   117158      69683 |  705   295 |      5470|      10.95     821.47|
Info:     188000 |   117738      70103 |  580   420 |      5421|       6.11     827.58|
Info:     189000 |   118399      70442 |  661   339 |      5414|       8.64     836.23|
Info:     190000 |   118986      70844 |  587   402 |      5297|       4.38     840.61|
Info:     191000 |   119604      71217 |  618   373 |      5217|       3.15     843.75|
Info:     192000 |   120259      71555 |  655   338 |      5205|       8.26     852.01|
Info:     193000 |   120894      71919 |  635   364 |      5162|      15.23     867.24|
Info:     194000 |   121663      72150 |  769   231 |      5181|      13.36     880.60|
Info:     195000 |   122358      72455 |  695   305 |      5157|      12.81     893.42|
Info:     196000 |   122953      72855 |  595   400 |      5123|      10.55     903.97|
Info:     197000 |   123624      73184 |  671   329 |      5112|       7.98     911.95|
Info:     198000 |   124222      73586 |  598   402 |      5110|       7.89     919.84|
Info:     199000 |   124907      73901 |  685   315 |      5104|       5.94     925.78|
Info:     200000 |   125600      74208 |  693   307 |      5120|       8.71     934.49|
Info:     201000 |   126326      74482 |  726   274 |      5093|       5.73     940.22|
Info:     202000 |   126953      74855 |  627   373 |      5111|       8.90     949.12|
Info:     203000 |   127567      75241 |  614   386 |      5117|       7.37     956.49|
Info:     204000 |   128251      75556 |  684   315 |      5086|      10.96     967.45|
Info:     205000 |   128813      75994 |  562   438 |      5086|       4.05     971.51|
Info:     206000 |   129513      76294 |  700   300 |      5074|      10.29     981.80|
Info:     207000 |   130131      76673 |  618   379 |      5048|       5.37     987.17|
Info:     208000 |   130823      76961 |  692   288 |      5015|       6.05     993.22|
Info:     209000 |   131539      77245 |  716   284 |      5029|       8.77    1002.00|
Info:     210000 |   132236      77548 |  697   303 |      5042|      10.00    1011.99|
Info:     211000 |   132892      77892 |  656   344 |      5062|       8.73    1020.72|
Info:     212000 |   133494      78290 |  602   398 |      5018|       5.03    1025.75|
Info:     213000 |   134213      78570 |  719   280 |      4999|       2.38    1028.14|
Info:     214000 |   134902      78881 |  689   311 |      4989|       5.62    1033.75|
Info:     215000 |   135670      79113 |  768   232 |      4980|       8.38    1042.13|
Info:     216000 |   136436      79347 |  766   234 |      4976|       8.38    1050.51|
Info:     217000 |   137153      79630 |  717   283 |      4968|       8.43    1058.94|
Info:     218000 |   137819      79964 |  666   334 |      5009|       5.46    1064.40|
Info:     219000 |   138534      80249 |  715   285 |      5013|       5.59    1069.99|
Info:     220000 |   139181      80602 |  647   353 |      4962|       6.76    1076.75|
Info:     221000 |   139767      81007 |  586   405 |      4869|       3.08    1079.83|
Info:     222000 |   140474      81300 |  707   293 |      4871|       5.65    1085.48|
Info:     223000 |   141224      81550 |  750   250 |      4866|       8.67    1094.14|
Info:     224000 |   141908      81861 |  684   311 |      4785|       6.73    1100.88|
Info:     225000 |   142558      82211 |  650   350 |      4773|       4.78    1105.66|
Info:     226000 |   143255      82512 |  697   301 |      4737|      13.62    1119.28|
Info:     227000 |   143999      82768 |  744   256 |      4739|       7.93    1127.21|
Info:     228000 |   144607      83157 |  608   389 |      4658|       6.36    1133.57|
Info:     229000 |   145267      83497 |  660   340 |      4669|       8.14    1141.70|
Info:     230000 |   145978      83786 |  711   289 |      4652|       5.87    1147.58|
Info:     231000 |   146699      84065 |  721   279 |      4653|      11.67    1159.25|
Info:     232000 |   147462      84302 |  763   237 |      4660|       8.11    1167.36|
Info:     233000 |   148181      84583 |  719   281 |      4671|       9.19    1176.56|
Info:     234000 |   148992      84772 |  811   189 |      4675|       6.53    1183.09|
Info:     235000 |   149645      85119 |  653   347 |      4650|       5.91    1189.00|
Info:     236000 |   150349      85415 |  704   296 |      4646|       4.66    1193.66|
Info:     237000 |   151057      85702 |  708   287 |      4602|       7.09    1200.75|
Info:     238000 |   151764      85980 |  707   278 |      4526|      18.84    1219.59|
Info:     239000 |   152512      86232 |  748   252 |      4515|      10.78    1230.37|
Info:     240000 |   153161      86561 |  649   329 |      4397|       6.37    1236.74|
Info:     241000 |   153879      86843 |  718   282 |      4349|       6.38    1243.11|
Info:     242000 |   154614      87108 |  735   265 |      4293|       7.53    1250.64|
Info:     243000 |   155349      87365 |  735   257 |      4274|      10.90    1261.54|
Info:     244000 |   155969      87745 |  620   380 |      4242|       7.56    1269.10|
Info:     245000 |   156624      88090 |  655   345 |      4218|       9.01    1278.11|
Info:     246000 |   157351      88363 |  727   273 |      4220|       9.04    1287.15|
Info:     247000 |   158128      88586 |  777   223 |      4213|      25.92    1313.06|
Info:     248000 |   158824      88890 |  696   304 |      4223|      22.11    1335.17|
Info:     249000 |   159607      89107 |  783   217 |      4237|       9.10    1344.27|
Info:     250000 |   160296      89418 |  689   311 |      4252|      22.76    1367.03|
Info:     251000 |   160973      89741 |  677   323 |      4211|      14.89    1381.92|
Info:     252000 |   161713      90001 |  740   260 |      4181|      12.44    1394.36|
Info:     253000 |   162449      90265 |  736   264 |      4201|      11.32    1405.68|
Info:     254000 |   163177      90537 |  728   272 |      4172|       6.80    1412.48|
Info:     255000 |   163837      90877 |  660   340 |      4168|       7.77    1420.25|
Info:     256000 |   164570      91144 |  733   267 |      4166|       5.33    1425.59|
Info:     257000 |   165208      91492 |  638   348 |      4072|       5.47    1431.05|
Info:     258000 |   165956      91744 |  748   252 |      4096|      11.55    1442.60|
Info:     259000 |   166700      92000 |  744   256 |      4098|       8.28    1450.88|
Info:     260000 |   167425      92275 |  725   275 |      4087|      15.16    1466.04|
Info:     261000 |   168150      92550 |  725   275 |      4085|       7.48    1473.51|
Info:     262000 |   168841      92859 |  691   309 |      4090|       9.10    1482.61|
Info:     263000 |   169561      93139 |  720   280 |      4101|       7.89    1490.50|
Info:     264000 |   170381      93319 |  820   180 |      4101|       7.36    1497.86|
Info:     265000 |   171092      93608 |  711   289 |      4088|      10.68    1508.55|
Info:     266000 |   171877      93823 |  785   215 |      4135|       6.19    1514.74|
Info:     267000 |   172579      94121 |  702   298 |      4116|       6.21    1520.95|
Info:     268000 |   173274      94426 |  695   305 |      4194|       8.51    1529.46|
Info:     269000 |   173962      94738 |  688   312 |      4139|      26.44    1555.90|
Info:     270000 |   174626      95074 |  664   336 |      4138|      13.88    1569.78|
Info:     271000 |   175264      95436 |  638   362 |      4071|       6.47    1576.26|
Info:     272000 |   175982      95715 |  718   279 |      4033|       7.55    1583.81|
Info:     273000 |   176604      96093 |  622   378 |      3956|       7.47    1591.28|
Info:     274000 |   177251      96446 |  647   353 |      3938|       8.02    1599.30|
Info:     275000 |   177978      96719 |  727   273 |      3942|      15.51    1614.81|
Info:     276000 |   178600      97097 |  622   378 |      3926|      11.23    1626.04|
Info:     277000 |   179382      97304 |  782   207 |      3889|      13.54    1639.58|
Info:     278000 |   180114      97572 |  732   268 |      3880|      17.15    1656.73|
Info:     279000 |   180866      97820 |  752   248 |      3875|       8.37    1665.10|
Info:     280000 |   181571      98115 |  705   295 |      3878|       9.96    1675.06|
Info:     281000 |   182338      98348 |  767   233 |      3853|      14.94    1689.99|
Info:     282000 |   183078      98608 |  740   260 |      3841|      25.72    1715.72|
Info:     283000 |   183783      98903 |  705   295 |      3844|      15.77    1731.49|
Info:     284000 |   184498      99188 |  715   285 |      3838|       9.97    1741.45|
Info:     285000 |   185149      99537 |  651   349 |      3848|      12.97    1754.43|
Info:     286000 |   185870      99816 |  721   279 |      3821|      23.86    1778.28|
Info:     287000 |   186602     100084 |  732   268 |      3820|      21.69    1799.98|
Info:     288000 |   187247     100439 |  645   355 |      3783|       9.37    1809.35|
Info:     289000 |   187957     100729 |  710   290 |      3780|      10.81    1820.16|
Info:     290000 |   188661     101025 |  704   296 |      3773|      10.73    1830.89|
Info:     291000 |   189309     101365 |  648   340 |      3738|       7.29    1838.18|
Info:     292000 |   190017     101652 |  708   287 |      3694|      17.32    1855.50|
Info:     293000 |   190664     102003 |  647   351 |      3702|      17.15    1872.65|
Info:     294000 |   191341     102316 |  677   313 |      3603|       8.16    1880.81|
Info:     295000 |   192081     102576 |  740   260 |      3606|       9.76    1890.57|
Info:     296000 |   192828     102829 |  747   253 |      3596|      16.55    1907.12|
Info:     297000 |   193535     103122 |  707   293 |      3647|      12.45    1919.57|
Info:     298000 |   194265     103392 |  730   270 |      3594|       7.99    1927.56|
Info:     299000 |   194964     103693 |  699   301 |      3572|       9.15    1936.71|
Info:     300000 |   195703     103954 |  739   261 |      3540|      23.93    1960.64|
Info:     301000 |   196395     104262 |  692   308 |      3537|      17.62    1978.27|
Info:     302000 |   197130     104527 |  735   265 |      3529|      19.12    1997.39|
Info:     303000 |   197874     104783 |  744   256 |      3542|      21.29    2018.68|
Info:     304000 |   198594     105063 |  720   280 |      3530|       6.85    2025.53|
Info:     305000 |   199240     105388 |  646   325 |      3470|      19.43    2044.96|
Info:     306000 |   199908     105720 |  668   332 |      3494|      13.54    2058.50|
Info:     307000 |   200546     106082 |  638   362 |      3464|      26.85    2085.36|
Info:     308000 |   201136     106492 |  590   410 |      3447|      12.50    2097.86|
Info:     309000 |   201812     106816 |  676   324 |      3445|      16.18    2114.04|
Info:     310000 |   202475     107153 |  663   337 |      3420|       7.62    2121.66|
Info:     311000 |   203234     107394 |  759   241 |      3394|      17.43    2139.09|
Info:     312000 |   203969     107659 |  735   265 |      3407|      18.00    2157.10|
Info:     313000 |   204668     107950 |  699   291 |      3318|       8.27    2165.37|
Info:     314000 |   205439     108179 |  771   229 |      3342|      12.34    2177.71|
Info:     315000 |   206141     108477 |  702   298 |      3324|      21.17    2198.88|
Info:     316000 |   206871     108747 |  730   270 |      3303|      16.37    2215.25|
Info:     317000 |   207542     109066 |  671   319 |      3169|       5.22    2220.47|
Info:     318000 |   208229     109379 |  687   313 |      3187|      16.20    2236.67|
Info:     319000 |   208915     109687 |  686   308 |      3156|       9.64    2246.31|
Info:     320000 |   209546     110053 |  631   366 |      3086|      10.27    2256.58|
Info:     321000 |   210226     110373 |  680   320 |      3080|       4.67    2261.26|
Info:     322000 |   210936     110663 |  710   290 |      3093|      13.84    2275.10|
Info:     323000 |   211601     110998 |  665   335 |      3050|      12.26    2287.36|
Info:     324000 |   212377     111222 |  776   224 |      3050|       8.84    2296.19|
Info:     325000 |   213036     111563 |  659   341 |      3047|      12.34    2308.53|
Info:     326000 |   213775     111824 |  739   261 |      3034|       7.44    2315.97|
Info:     327000 |   214511     112088 |  736   264 |      3066|       7.93    2323.90|
Info:     328000 |   215180     112419 |  669   331 |      3083|       5.19    2329.10|
Info:     329000 |   215893     112706 |  713   287 |      3065|      10.19    2339.29|
Info:     330000 |   216582     113017 |  689   311 |      3040|      11.65    2350.94|
Info:     331000 |   217141     113458 |  559   441 |      2873|       3.53    2354.47|
Info:     332000 |   217864     113735 |  723   277 |      2886|      11.60    2366.07|
Info:     333000 |   218521     114078 |  657   343 |      2814|       7.26    2373.33|
Info:     334000 |   219218     114381 |  697   303 |      2824|      13.94    2387.26|
Info:     335000 |   219951     114648 |  733   267 |      2792|       9.59    2396.85|
Info:     336000 |   220651     114948 |  700   300 |      2794|      18.92    2415.77|
Info:     337000 |   221301     115298 |  650   350 |      2779|      10.59    2426.36|
Info:     338000 |   222025     115574 |  724   276 |      2780|      11.04    2437.40|
Info:     339000 |   222698     115894 |  673   320 |      2747|       9.02    2446.42|
Info:     340000 |   223523     116069 |  825   175 |      2741|      36.72    2483.14|
Info:     341000 |   224287     116304 |  764   235 |      2707|       4.53    2487.67|
Info:     342000 |   224981     116608 |  694   304 |      2630|       8.53    2496.20|
Info:     343000 |   225751     116838 |  770   230 |      2621|      12.21    2508.41|
Info:     344000 |   226496     117093 |  745   255 |      2619|       7.63    2516.04|
Info:     345000 |   227206     117383 |  710   290 |      2628|      40.86    2556.90|
Info:     346000 |   227963     117626 |  757   243 |      2607|      18.69    2575.59|
Info:     347000 |   228590     117999 |  627   373 |      2582|      14.22    2589.80|
Info:     348000 |   229291     118298 |  701   299 |      2581|      25.43    2615.23|
Info:     349000 |   229979     118610 |  688   312 |      2571|      16.33    2631.56|
Info:     350000 |   230695     118894 |  716   284 |      2561|       5.35    2636.91|
Info:     351000 |   231410     119179 |  715   285 |      2564|       5.88    2642.79|
Info:     352000 |   232101     119488 |  691   309 |      2550|       8.93    2651.72|
Info:     353000 |   232700     119889 |  599   401 |      2549|       7.29    2659.01|
Info:     354000 |   233370     120219 |  670   330 |      2548|       9.23    2668.24|
Info:     355000 |   234066     120523 |  696   304 |      2540|       8.98    2677.22|
Info:     356000 |   234852     120737 |  786   214 |      2529|      25.17    2702.38|
Info:     357000 |   235609     120980 |  757   243 |      2546|      16.09    2718.48|
Info:     358000 |   236245     121344 |  636   364 |      2524|      13.23    2731.70|
Info:     359000 |   236960     121629 |  715   285 |      2529|       9.85    2741.56|
Info:     360000 |   237715     121874 |  755   245 |      2549|      20.32    2761.88|
Info:     361000 |   238397     122192 |  682   318 |      2524|      10.77    2772.65|
Info:     362000 |   239132     122457 |  735   265 |      2520|      12.04    2784.70|
Info:     363000 |   239903     122686 |  771   229 |      2519|       6.59    2791.29|
Info:     364000 |   240643     122946 |  740   260 |      2555|      24.51    2815.79|
Info:     365000 |   241317     123272 |  674   326 |      2553|      17.73    2833.53|
Info:     366000 |   242004     123585 |  687   313 |      2534|       8.30    2841.83|
Info:     367000 |   242622     123967 |  618   382 |      2517|      13.48    2855.31|
Info:     368000 |   243315     124274 |  693   307 |      2517|      17.21    2872.52|
Info:     369000 |   244043     124546 |  728   272 |      2538|      25.38    2897.90|
Info:     370000 |   244816     124773 |  773   227 |      2525|      18.96    2916.86|
Info:     371000 |   245427     125162 |  611   389 |      2518|      11.85    2928.71|
Info:     372000 |   246094     125493 |  667   331 |      2466|       7.21    2935.92|
Info:     373000 |   246831     125755 |  737   262 |      2404|      12.75    2948.67|
Info:     374000 |   247588     125998 |  757   243 |      2395|      23.45    2972.12|
Info:     375000 |   248286     126299 |  698   301 |      2387|      14.77    2986.89|
Info:     376000 |   249071     126514 |  785   215 |      2381|      11.75    2998.63|
Info:     377000 |   249876     126709 |  805   195 |      2384|       8.44    3007.07|
Info:     378000 |   250511     127074 |  635   365 |      2378|      11.35    3018.42|
Info:     379000 |   251204     127381 |  693   307 |      2367|      11.29    3029.71|
Info:     380000 |   251917     127668 |  713   287 |      2370|      13.07    3042.78|
Info:     381000 |   252556     128029 |  639   361 |      2391|       6.09    3048.87|
Info:     382000 |   253255     128330 |  699   301 |      2367|      10.36    3059.23|
Info:     383000 |   254030     128555 |  775   225 |      2339|      16.97    3076.20|
Info:     384000 |   254703     128882 |  673   327 |      2313|       7.59    3083.79|
Info:     385000 |   255435     129150 |  732   268 |      2299|      10.38    3094.17|
Info:     386000 |   256165     129420 |  730   270 |      2310|       9.59    3103.76|
Info:     387000 |   256935     129650 |  770   230 |      2301|      11.40    3115.17|
Info:     388000 |   257298     130287 |  363   637 |      2310|      23.34    3138.51|
Info:     389000 |   258097     130488 |  799   201 |      2296|      21.15    3159.66|
Info:     390000 |   258880     130705 |  783   217 |      2293|      21.16    3180.82|
Info:     391000 |   259620     130965 |  740   260 |      2316|      12.16    3192.99|
Info:     392000 |   260294     131291 |  674   326 |      2289|      11.42    3204.41|
Info:     393000 |   261013     131572 |  719   281 |      2297|       4.99    3209.40|
Info:     394000 |   261743     131842 |  730   270 |      2304|      20.58    3229.98|
Info:     395000 |   262459     132126 |  716   284 |      2286|      10.06    3240.04|
Info:     396000 |   263155     132430 |  696   304 |      2267|       7.32    3247.35|
Info:     397000 |   263825     132760 |  670   330 |      2230|      12.45    3259.80|
Info:     398000 |   264502     133083 |  677   323 |      2242|       4.52    3264.33|
Info:     399000 |   265170     133414 |  668   331 |      2165|       5.37    3269.70|
Info:     400000 |   265731     133853 |  561   439 |      2184|       5.88    3275.58|
Info:     401000 |   266377     134207 |  646   354 |      2184|       3.82    3279.40|
Info:     402000 |   267118     134466 |  741   259 |      2216|      12.10    3291.50|
Info:     403000 |   267917     134667 |  799   201 |      2209|      29.14    3320.64|
Info:     404000 |   268624     134960 |  707   293 |      2162|      19.62    3340.26|
Info:     405000 |   269416     135168 |  792   208 |      2186|       6.45    3346.71|
Info:     406000 |   270099     135485 |  683   317 |      2164|       8.84    3355.54|
Info:     407000 |   270787     135797 |  688   312 |      2152|       9.92    3365.46|
Info:     408000 |   271447     136136 |  660   339 |      2117|      12.22    3377.68|
Info:     409000 |   272130     136453 |  683   317 |      2160|      19.36    3397.04|
Info:     410000 |   272838     136745 |  708   292 |      2135|       9.97    3407.01|
Info:     411000 |   273534     137049 |  696   304 |      2110|      20.43    3427.44|
Info:     412000 |   274210     137373 |  676   324 |      2111|      15.00    3442.45|
Info:     413000 |   274945     137638 |  735   265 |      2115|      30.51    3472.96|
Info:     414000 |   275638     137945 |  693   307 |      2107|       9.79    3482.75|
Info:     415000 |   276374     138209 |  736   264 |      2120|      15.50    3498.25|
Info:     416000 |   277057     138526 |  683   317 |      2106|       9.72    3507.97|
Info:     417000 |   277751     138832 |  694   306 |      2126|      17.68    3525.65|
Info:     418000 |   278500     139083 |  749   251 |      2097|      13.15    3538.80|
Info:     419000 |   279303     139280 |  803   197 |      2120|       9.12    3547.93|
Info:     420000 |   280016     139567 |  713   287 |      2089|       7.62    3555.55|
Info:     421000 |   280717     139866 |  701   299 |      2120|      30.05    3585.60|
Info:     422000 |   281435     140148 |  718   282 |      2077|      19.23    3604.82|
Info:     423000 |   282154     140429 |  719   281 |      2089|      21.32    3626.14|
Info:     424000 |   282891     140691 |  737   262 |      2046|      20.49    3646.64|
Info:     425000 |   283691     140891 |  800   200 |      2051|      26.50    3673.14|
Info:     426000 |   284484     141098 |  793   207 |      2011|      12.05    3685.19|
Info:     427000 |   285196     141386 |  712   288 |      1995|       7.38    3692.57|
Info:     428000 |   285727     141855 |  531   469 |      1955|       6.88    3699.45|
Info:     429000 |   286489     142093 |  762   238 |      1956|       7.59    3707.05|
Info:     430000 |   287165     142417 |  676   324 |      1912|       6.64    3713.68|
Info:     431000 |   287864     142718 |  699   301 |      1879|       6.89    3720.57|
Info:     432000 |   288575     143007 |  711   289 |      1859|       6.06    3726.63|
Info:     433000 |   289247     143335 |  672   328 |      1853|       6.33    3732.96|
Info:     434000 |   289932     143648 |  685   313 |      1814|      23.74    3756.70|
Info:     435000 |   290719     143859 |  787   211 |      1779|       9.71    3766.41|
Info:     436000 |   291439     144139 |  720   280 |      1796|       7.03    3773.44|
Info:     437000 |   292152     144426 |  713   287 |      1789|       4.68    3778.12|
Info:     438000 |   292824     144754 |  672   328 |      1817|       9.02    3787.14|
Info:     439000 |   293546     145032 |  722   278 |      1760|       5.48    3792.62|
Info:     440000 |   294214     145364 |  668   332 |      1795|      22.31    3814.93|
Info:     441000 |   294908     145670 |  694   306 |      1788|      10.32    3825.25|
Info:     442000 |   295622     145956 |  714   286 |      1776|      12.23    3837.48|
Info:     443000 |   296359     146219 |  737   263 |      1784|      10.79    3848.27|
Info:     444000 |   297050     146528 |  691   309 |      1756|      11.71    3859.99|
Info:     445000 |   297805     146773 |  755   245 |      1747|       8.10    3868.09|
Info:     446000 |   298568     147010 |  763   237 |      1698|       5.24    3873.33|
Info:     447000 |   299182     147396 |  614   386 |      1633|       6.16    3879.49|
Info:     448000 |   299986     147592 |  804   196 |      1640|      30.61    3910.10|
Info:     449000 |   300698     147880 |  712   288 |      1547|      12.11    3922.20|
Info:     450000 |   301440     148138 |  742   258 |      1558|      15.38    3937.58|
Info:     451000 |   302116     148450 |  676   312 |      1458|       3.12    3940.70|
Info:     452000 |   302864     148702 |  748   252 |      1448|       8.29    3948.99|
Info:     453000 |   303394     149167 |  530   465 |      1240|       2.88    3951.87|
Info:     454000 |   303892     149669 |  498   502 |       903|       3.34    3955.21|
Info:     455000 |   304296     150265 |  404   596 |       487|       9.90    3965.11|
Info:     456000 |   304964     150597 |  668   332 |       440|      11.20    3976.31|
Info:     457000 |   305649     150912 |  685   315 |       465|      13.01    3989.33|
Info:     458000 |   306285     151276 |  636   364 |       478|      14.30    4003.63|
Info:     459000 |   307009     151552 |  724   276 |       460|      13.57    4017.20|
Info:     460000 |   307729     151832 |  720   280 |       399|       5.35    4022.54|
Info:     461000 |   308201     152360 |  472   528 |        94|      13.96    4036.51|
Info:     462000 |   308713     152848 |  512   488 |        93|       9.28    4045.79|
Info:     463000 |   309429     153132 |  716   284 |        80|      10.64    4056.43|
Info:     464000 |   310127     153434 |  698   302 |        43|      28.02    4084.45|
Info:     464495 |   310486     153571 |  359   137 |         0|       5.70    4090.15|
Info: Routing complete.
Info: Router1 time 4090.15s
Info: Checksum: 0x58d98026

Info: Critical path report for clock 'pclk' (posedge -> posedge):
Info: curr total
Info:  1.4  1.4  Source xosera_main.xrmem_arb.tile_addr_next_SB_LUT4_O_LC.O
Info:  4.7  6.1    Net xosera_main.xrmem_arb.tile_addr[11] budget 6.462000 ns (10,18) -> (18,26)
Info:                Sink xosera_main.video_gen.tilemem_data_i_SB_LUT4_O_9_I3_SB_LUT4_O_LC.I3
Info:                Defined in:
Info:                  /home/kenj/Dev/oss-cad-suite/lib/../share/yosys/ice40/cells_map.v:6.21-6.22
Info:  0.9  6.9  Source xosera_main.video_gen.tilemem_data_i_SB_LUT4_O_9_I3_SB_LUT4_O_LC.O
Info:  5.5 12.4    Net xosera_main.video_gen.tilemem_data_i_SB_LUT4_O_9_I3[2] budget 6.461000 ns (18,26) -> (9,14)
Info:                Sink xosera_main.video_gen.tilemem_data_i_SB_LUT4_O_9_LC.I3
Info:                Defined in:
Info:                  /home/kenj/Dev/oss-cad-suite/lib/../share/yosys/ice40/cells_map.v:6.21-6.22
Info:  0.9 13.3  Source xosera_main.video_gen.tilemem_data_i_SB_LUT4_O_9_LC.O
Info:  1.8 15.0    Net xosera_main.vgen_tile_data[15] budget 6.461000 ns (9,14) -> (8,15)
Info:                Sink xosera_main.video_gen.pb_tilemem_rd_save_SB_LUT4_I2_2_LC.I3
Info:                Defined in:
Info:                  upduino/xosera_upd.sv:284.13-304.14
Info:                  ./xrmem_arb.sv:50.41-50.57
Info:                  ./xosera_main.sv:340.11-385.2
Info:  0.9 15.9  Source xosera_main.video_gen.pb_tilemem_rd_save_SB_LUT4_I2_2_LC.O
Info:  3.5 19.4    Net xosera_main.video_gen.pb_vram_rd_save_SB_LUT4_I2_3_O[2] budget 6.594000 ns (8,15) -> (13,16)
Info:                Sink xosera_main.video_gen.video_pf_b.pf_attr_word_next_SB_LUT4_O_9_I3_SB_LUT4_O_LC.I2
Info:                Defined in:
Info:                  /home/kenj/Dev/oss-cad-suite/lib/../share/yosys/ice40/cells_map.v:6.21-6.22
Info:  1.2 20.6  Source xosera_main.video_gen.video_pf_b.pf_attr_word_next_SB_LUT4_O_9_I3_SB_LUT4_O_LC.O
Info:  4.9 25.5    Net xosera_main.video_gen.video_pf_b.pf_attr_word_next_SB_LUT4_O_9_I3[2] budget 6.594000 ns (13,16) -> (16,29)
Info:                Sink xosera_main.video_gen.video_pf_b.pf_data_word3_next_SB_LUT4_O_9_LC.I3
Info:                Defined in:
Info:                  /home/kenj/Dev/oss-cad-suite/lib/../share/yosys/ice40/cells_map.v:6.21-6.22
Info:  0.8 26.3  Setup xosera_main.video_gen.video_pf_b.pf_data_word3_next_SB_LUT4_O_9_LC.I3
Info: 6.0 ns logic, 20.3 ns routing

Info: Critical path report for cross-domain path '<async>' -> '<async>':
Info: curr total
Info:  0.0  0.0  Source led_red$sb_io.D_IN_0
Info:  3.2  3.2    Net led_red$SB_IO_IN budget 41.063999 ns (6,31) -> (4,30)
Info:                Sink bus_out_ena_SB_LUT4_O_LC.I3
Info:                Defined in:
Info:                  upduino/xosera_upd.sv:284.13-304.14
Info:                  ./reg_interface.sv:16.33-16.43
Info:                  ./xosera_main.sv:180.15-220.2
Info:  0.9  4.0  Source bus_out_ena_SB_LUT4_O_LC.O
Info:  4.7  8.7    Net bus_out_ena budget 41.063999 ns (4,30) -> (17,31)
Info:                Sink bus_tristate[7].OUTPUT_ENABLE
Info:                Defined in:
Info:                  upduino/xosera_upd.sv:129.7-129.18
Info: 0.9 ns logic, 7.8 ns routing

Info: Critical path report for cross-domain path '<async>' -> 'posedge pclk':
Info: curr total
Info:  0.0  0.0  Source bus_tristate[5].D_IN_0
Info:  3.8  3.8    Net bus_data_in[5] budget 38.542000 ns (8,31) -> (3,30)
Info:                Sink xosera_main.reg_interface.bus.data_ff0_SB_DFFSR_Q_2_DFFLC.I0
Info:                Defined in:
Info:                  upduino/xosera_upd.sv:284.13-304.14
Info:                  ./reg_interface.sv:20.33-20.43
Info:                  ./xosera_main.sv:180.15-220.2
Info:  1.2  5.0  Setup xosera_main.reg_interface.bus.data_ff0_SB_DFFSR_Q_2_DFFLC.I0
Info: 1.2 ns logic, 3.8 ns routing

Info: Critical path report for cross-domain path 'posedge pclk' -> '<async>':
Info: curr total
Info:  1.4  1.4  Source reconfig_r_SB_DFF_Q_DFFLC.O
Info: 10.2 11.5    Net reconfig_r budget 81.943001 ns (21,28) -> (25,0)
Info:                Sink boot.BOOT
Info:                Defined in:
Info:                  upduino/xosera_upd.sv:110.13-110.23
Info: 1.4 ns logic, 10.2 ns routing

Info: Max frequency for clock 'pclk': 37.98 MHz (PASS at 25.14 MHz)

Info: Max delay <async>      -> <async>     : 8.71 ns
Info: Max delay <async>      -> posedge pclk: 5.03 ns
Info: Max delay posedge pclk -> <async>     : 11.54 ns

Info: Slack histogram:
Info:  legend: * represents 50 endpoint(s)
Info:          + represents [1,50) endpoint(s)
Info: [ 13443,  16780) |************+
Info: [ 16780,  20117) |*******************+
Info: [ 20117,  23454) |*******************+
Info: [ 23454,  26791) |***************************+
Info: [ 26791,  30128) |*************************************+
Info: [ 30128,  33465) |************************************************************ 
Info: [ 33465,  36802) |*********************+
Info: [ 36802,  40139) | 
Info: [ 40139,  43476) | 
Info: [ 43476,  46813) | 
Info: [ 46813,  50150) | 
Info: [ 50150,  53487) | 
Info: [ 53487,  56824) | 
Info: [ 56824,  60161) | 
Info: [ 60161,  63498) | 
Info: [ 63498,  66835) | 
Info: [ 66835,  70172) | 
Info: [ 70172,  73509) |+
Info: [ 73509,  76846) |+
Info: [ 76846,  80183) |+

Info: Program finished normally.
