Info: Generated random seed: 684339125
Info: constrained 'led_red' to bel 'X6/Y31/io0'
Info: constrained 'led_green' to bel 'X4/Y31/io0'
Info: constrained 'led_blue' to bel 'X5/Y31/io0'
Info: constrained 'serial_txd' to bel 'X23/Y0/io0'
Info: constrained 'serial_rxd' to bel 'X24/Y0/io0'
Info: constrained 'spi_cs' to bel 'X24/Y0/io1'
Info: constrained 'gpio_23' to bel 'X19/Y31/io0'
Info: constrained 'gpio_25' to bel 'X19/Y31/io1'
Info: constrained 'gpio_26' to bel 'X18/Y31/io0'
Info: constrained 'gpio_27' to bel 'X18/Y31/io1'
Info: constrained 'gpio_32' to bel 'X16/Y31/io0'
Info: constrained 'gpio_35' to bel 'X12/Y31/io1'
Info: constrained 'gpio_31' to bel 'X16/Y31/io1'
Info: constrained 'gpio_37' to bel 'X13/Y31/io0'
Info: constrained 'gpio_34' to bel 'X13/Y31/io1'
Info: constrained 'gpio_43' to bel 'X9/Y31/io0'
Info: constrained 'gpio_36' to bel 'X9/Y31/io1'
Info: constrained 'gpio_42' to bel 'X8/Y31/io0'
Info: constrained 'gpio_38' to bel 'X8/Y31/io1'
Info: constrained 'gpio_28' to bel 'X17/Y31/io0'
Info: constrained 'gpio_20' to bel 'X19/Y0/io1'
Info: constrained 'gpio_10' to bel 'X16/Y0/io0'
Info: constraining clock net 'gpio_20' to 12.00 MHz
Info: constrained 'gpio_12' to bel 'X18/Y0/io0'
Info: constrained 'gpio_21' to bel 'X18/Y0/io1'
Info: constrained 'gpio_13' to bel 'X19/Y0/io0'
Info: constrained 'gpio_19' to bel 'X21/Y0/io1'
Info: constrained 'gpio_18' to bel 'X22/Y0/io1'
Info: constrained 'gpio_11' to bel 'X17/Y0/io0'
Info: constrained 'gpio_9' to bel 'X15/Y0/io0'
Info: constrained 'gpio_6' to bel 'X13/Y0/io1'
Info: constrained 'gpio_44' to bel 'X6/Y0/io1'
Info: constrained 'gpio_4' to bel 'X9/Y0/io0'
Info: constrained 'gpio_3' to bel 'X9/Y0/io1'
Info: constrained 'gpio_48' to bel 'X7/Y0/io0'
Info: constrained 'gpio_45' to bel 'X7/Y0/io1'
Info: constrained 'gpio_47' to bel 'X6/Y0/io0'
Info: constrained 'gpio_46' to bel 'X5/Y0/io0'
Info: constrained 'gpio_2' to bel 'X8/Y0/io0'

Info: Packing constants..
Info: Packing IOs..
Info: gpio_13 feeds SB_IO dv_signals_sbio[5], removing $nextpnr_obuf gpio_13.
Info: gpio_12 feeds SB_IO dv_signals_sbio[2], removing $nextpnr_obuf gpio_12.
Info: gpio_11 feeds SB_IO dv_signals_sbio[7], removing $nextpnr_obuf gpio_11.
Info: gpio_38 feeds SB_IO bus_tristate[6], removing $nextpnr_iobuf gpio_38.
Info: gpio_37 feeds SB_IO bus_tristate[1], removing $nextpnr_iobuf gpio_37.
Info: gpio_36 feeds SB_IO bus_tristate[4], removing $nextpnr_iobuf gpio_36.
Info: gpio_34 feeds SB_IO bus_tristate[2], removing $nextpnr_iobuf gpio_34.
Info: gpio_31 feeds SB_IO bus_tristate[0], removing $nextpnr_iobuf gpio_31.
Info: gpio_28 feeds SB_IO bus_tristate[7], removing $nextpnr_iobuf gpio_28.
Info: gpio_43 feeds SB_IO bus_tristate[3], removing $nextpnr_iobuf gpio_43.
Info: gpio_42 feeds SB_IO bus_tristate[5], removing $nextpnr_iobuf gpio_42.
Info: gpio_9 feeds SB_IO dv_signals_sbio[0], removing $nextpnr_obuf gpio_9.
Info: gpio_6 feeds SB_IO dv_signals_sbio[6], removing $nextpnr_obuf gpio_6.
Info: gpio_48 feeds SB_IO dv_signals_sbio[11], removing $nextpnr_obuf gpio_48.
Info: gpio_47 feeds SB_IO dv_signals_sbio[10], removing $nextpnr_obuf gpio_47.
Info: gpio_46 feeds SB_IO dv_signals_sbio[14], removing $nextpnr_obuf gpio_46.
Info: gpio_45 feeds SB_IO dv_signals_sbio[3], removing $nextpnr_obuf gpio_45.
Info: gpio_44 feeds SB_IO dv_signals_sbio[9], removing $nextpnr_obuf gpio_44.
Info: gpio_4 feeds SB_IO dv_clk_sbio, removing $nextpnr_obuf gpio_4.
Info: gpio_3 feeds SB_IO dv_signals_sbio[8], removing $nextpnr_obuf gpio_3.
Info: gpio_21 feeds SB_IO dv_signals_sbio[1], removing $nextpnr_obuf gpio_21.
Info: gpio_2 feeds SB_IO dv_signals_sbio[13], removing $nextpnr_obuf gpio_2.
Info: gpio_19 feeds SB_IO dv_signals_sbio[12], removing $nextpnr_obuf gpio_19.
Info: gpio_18 feeds SB_IO dv_signals_sbio[4], removing $nextpnr_obuf gpio_18.
Info: Packing LUT-FFs..
Info:     2564 LCs used as LUT4 only
Info:     1327 LCs used as LUT4 and DFF
Info: Packing non-LUT FFs..
Info:     1022 LCs used as DFF only
Info: Packing carries..
Info:       80 LCs used as CARRY only
Info: Packing indirect carry+LUT pairs...
Info:       49 LUTs merged into carry LCs
Info: Packing RAMs..
Info: Placing PLLs..
Info:   constrained PLL 'pll_inst' to X12/Y31/pll_3
Info: Packing special functions..
Info: Packing PLLs..
Info:     Input frequency of PLL 'pll_inst' is constrained to 12.0 MHz
Info:     VCO frequency of PLL 'pll_inst' is constrained to 540.2 MHz
Info:     Derived frequency constraint of 33.8 MHz for net pclk
Info:   PLL 'pll_inst' has LOCK output, need to pass all outputs via LUT
Info:   constrained 'pll_lock_SB_LUT4_I3_LC' to X1/Y30/lc0
Info: Promoting globals..
Info: promoting reset [reset] (fanout 1994)
Info: promoting $PACKER_VCC_NET [logic] (fanout 262)
Info: promoting xosera_main.copp_prog_rd_en_SB_DFFSR_Q_D_SB_LUT4_O_I1[0] [reset] (fanout 91)
Info: promoting xosera_main.blitter.blit_mod_S_SB_DFFESR_Q_E[3] [cen] (fanout 101)
Info: promoting xosera_main.video_gen.pb_bpp[1] [logic] (fanout 87)
Info: promoting xosera_main.video_gen.pa_bpp[1] [logic] (fanout 84)
Info: promoting xosera_main.blit_wr_SB_DFFESR_Q_D_SB_LUT4_O_I2_SB_LUT4_I3_O[0] [logic] (fanout 79)
Info: Constraining chains...
Info:       52 LCs used to legalise carry chains.
Info: Checksum: 0x65ce3edc

Info: Device utilisation:
Info: 	         ICESTORM_LC:  4999/ 5280    94%
Info: 	        ICESTORM_RAM:    30/   30   100%
Info: 	               SB_IO:    38/   96    39%
Info: 	               SB_GB:     8/    8   100%
Info: 	        ICESTORM_PLL:     1/    1   100%
Info: 	         SB_WARMBOOT:     1/    1   100%
Info: 	        ICESTORM_DSP:     8/    8   100%
Info: 	      ICESTORM_HFOSC:     0/    1     0%
Info: 	      ICESTORM_LFOSC:     0/    1     0%
Info: 	              SB_I2C:     0/    2     0%
Info: 	              SB_SPI:     0/    2     0%
Info: 	              IO_I3C:     0/    2     0%
Info: 	         SB_LEDDA_IP:     0/    1     0%
Info: 	         SB_RGBA_DRV:     0/    1     0%
Info: 	      ICESTORM_SPRAM:     4/    4   100%

Info: Placed 41 cells based on constraints.
Info: Creating initial analytic placement for 4496 cells, random placement wirelen = 126416.
Info:     at initial placer iter 0, wirelen = 1606
Info:     at initial placer iter 1, wirelen = 1444
Info:     at initial placer iter 2, wirelen = 1530
Info:     at initial placer iter 3, wirelen = 1387
Info: Running main analytical placer, max placement attempts per cell = 3237240.
Info:     at iteration #1, type ALL: wirelen solved = 1327, spread = 51229, legal = 80986; time = 2.36s
Info:     at iteration #2, type ALL: wirelen solved = 2130, spread = 45347, legal = 79479; time = 2.91s
Info:     at iteration #3, type ALL: wirelen solved = 3032, spread = 38372, legal = 75023; time = 1.22s
Info:     at iteration #4, type ALL: wirelen solved = 3588, spread = 34363, legal = 67586; time = 1.19s
Info:     at iteration #5, type ALL: wirelen solved = 5141, spread = 33998, legal = 66323; time = 1.31s
Info:     at iteration #6, type ALL: wirelen solved = 7429, spread = 31821, legal = 63963; time = 1.17s
Info:     at iteration #7, type ALL: wirelen solved = 8413, spread = 30763, legal = 60519; time = 1.04s
Info:     at iteration #8, type ALL: wirelen solved = 8966, spread = 30400, legal = 59693; time = 0.94s
Info:     at iteration #9, type ALL: wirelen solved = 9883, spread = 30067, legal = 59700; time = 1.38s
Info:     at iteration #10, type ALL: wirelen solved = 10263, spread = 30025, legal = 58278; time = 1.19s
Info:     at iteration #11, type ALL: wirelen solved = 11335, spread = 29448, legal = 62660; time = 1.09s
Info:     at iteration #12, type ALL: wirelen solved = 11536, spread = 29737, legal = 58425; time = 0.72s
Info:     at iteration #13, type ALL: wirelen solved = 12095, spread = 29790, legal = 55733; time = 1.18s
Info:     at iteration #14, type ALL: wirelen solved = 12862, spread = 29498, legal = 57962; time = 0.92s
Info:     at iteration #15, type ALL: wirelen solved = 12682, spread = 29159, legal = 58163; time = 1.27s
Info:     at iteration #16, type ALL: wirelen solved = 13390, spread = 29134, legal = 57489; time = 0.85s
Info:     at iteration #17, type ALL: wirelen solved = 13735, spread = 28923, legal = 58575; time = 0.78s
Info:     at iteration #18, type ALL: wirelen solved = 14070, spread = 29079, legal = 59049; time = 0.96s
Info: HeAP Placer Time: 23.21s
Info:   of which solving equations: 1.46s
Info:   of which spreading cells: 0.14s
Info:   of which strict legalisation: 21.30s

Info: Running simulated annealing placer for refinement.
Info:   at iteration #1: temp = 0.000000, timing cost = 2120, wirelen = 55733
Info:   at iteration #5: temp = 0.000000, timing cost = 2074, wirelen = 47390
Info:   at iteration #10: temp = 0.000000, timing cost = 2580, wirelen = 44137
Info:   at iteration #15: temp = 0.000000, timing cost = 2342, wirelen = 42416
Info:   at iteration #20: temp = 0.000000, timing cost = 2049, wirelen = 41281
Info:   at iteration #25: temp = 0.000000, timing cost = 2168, wirelen = 40990
Info:   at iteration #30: temp = 0.000000, timing cost = 2159, wirelen = 40846
Info:   at iteration #34: temp = 0.000000, timing cost = 2085, wirelen = 40806 
Info: SA placement time 3.83s

Info: Max frequency for clock 'pclk': 36.24 MHz (PASS at 33.77 MHz)

Info: Max delay <async>      -> <async>     : 7.94 ns
Info: Max delay <async>      -> posedge pclk: 5.58 ns
Info: Max delay posedge pclk -> <async>     : 6.91 ns

Info: Slack histogram:
Info:  legend: * represents 16 endpoint(s)
Info:          + represents [1,16) endpoint(s)
Info: [  2020,   3233) |+
Info: [  3233,   4446) |***+
Info: [  4446,   5659) |**************+
Info: [  5659,   6872) |***********************+
Info: [  6872,   8085) |************************+
Info: [  8085,   9298) |*********************+
Info: [  9298,  10511) |*********************+
Info: [ 10511,  11724) |************************+
Info: [ 11724,  12937) |*******************************************+
Info: [ 12937,  14150) |**********************************************************+
Info: [ 14150,  15363) |**********************************************************+
Info: [ 15363,  16576) |************************************************************ 
Info: [ 16576,  17789) |**************************************************+
Info: [ 17789,  19002) |***************************************+
Info: [ 19002,  20215) |*************************************+
Info: [ 20215,  21428) |***********************+
Info: [ 21428,  22641) |**************************+
Info: [ 22641,  23854) |****************************************************+
Info: [ 23854,  25067) |*******************************************+
Info: [ 25067,  26280) |*************************+
Info: Checksum: 0x9f8be827
Info: Running timing-driven placement optimisation...
Info:    Iteration 0...
Info:    Iteration 1...
Info:    Iteration 2...
Info:    Iteration 3...
Info:    Iteration 4...
Info:    Iteration 5...
Info:    Iteration 6...
Info:    Iteration 7...
Info:    Iteration 8...
Info:    Iteration 9...
Info:    Iteration 10...
Info:    Iteration 11...
Info:    Iteration 12...
Info:    Iteration 13...
Info:    Iteration 14...
Info:    Iteration 15...
Info:    Iteration 16...
Info:    Iteration 17...
Info:    Iteration 18...
Info:    Iteration 19...
Info:    Iteration 20...
Info:    Iteration 21...
Info:    Iteration 22...
Info:    Iteration 23...
Info:    Iteration 24...
Info:    Iteration 25...
Info:    Iteration 26...
Info:    Iteration 27...
Info:    Iteration 28...
Info:    Iteration 29...

Info: Routing..
Info: Setting up routing queue.
Info: Routing 17280 arcs.
Info:            |   (re-)routed arcs  |   delta    | remaining|       time spent     |
Info:    IterCnt |  w/ripup   wo/ripup |  w/r  wo/r |      arcs| batch(sec) total(sec)|
Info:       1000 |      132        867 |  132   867 |     16449|       0.85       0.85|
Info:       2000 |      404       1595 |  272   728 |     15787|       0.59       1.44|
Info:       3000 |      601       2398 |  197   803 |     15072|       0.66       2.10|
Info:       4000 |      937       3062 |  336   664 |     14575|       0.57       2.67|
Info:       5000 |     1273       3726 |  336   664 |     14162|       0.66       3.33|
Info:       6000 |     1677       4322 |  404   596 |     13826|       0.63       3.96|
Info:       7000 |     2114       4885 |  437   563 |     13598|       0.59       4.55|
Info:       8000 |     2589       5410 |  475   525 |     13357|       0.53       5.08|
Info:       9000 |     3084       5915 |  495   505 |     13192|       0.59       5.67|
Info:      10000 |     3585       6414 |  501   499 |     13019|       0.54       6.21|
Info:      11000 |     4120       6879 |  535   465 |     12953|       0.67       6.88|
Info:      12000 |     4649       7350 |  529   471 |     12850|       0.49       7.37|
Info:      13000 |     5212       7787 |  563   437 |     12759|       0.58       7.95|
Info:      14000 |     5727       8272 |  515   485 |     12641|       0.55       8.50|
Info:      15000 |     6290       8709 |  563   437 |     12532|       0.58       9.08|
Info:      16000 |     6856       9143 |  566   434 |     12453|       0.55       9.63|
Info:      17000 |     7429       9570 |  573   427 |     12381|       0.54      10.18|
Info:      18000 |     7980      10019 |  551   449 |     12280|       0.56      10.74|
Info:      19000 |     8496      10503 |  516   484 |     12139|       0.51      11.25|
Info:      20000 |     9035      10964 |  539   461 |     12073|       0.54      11.79|
Info:      21000 |     9577      11422 |  542   458 |     12000|       0.57      12.36|
Info:      22000 |    10198      11801 |  621   379 |     11972|       0.61      12.97|
Info:      23000 |    10721      12278 |  523   477 |     11891|       0.58      13.56|
Info:      24000 |    11268      12731 |  547   453 |     11850|       0.58      14.13|
Info:      25000 |    11811      13188 |  543   457 |     11772|       0.55      14.69|
Info:      26000 |    12366      13633 |  555   445 |     11725|       0.57      15.26|
Info:      27000 |    12988      14011 |  622   378 |     11708|       0.57      15.83|
Info:      28000 |    13536      14463 |  548   452 |     11633|       0.52      16.35|
Info:      29000 |    14110      14889 |  574   426 |     11576|       0.45      16.80|
Info:      30000 |    14676      15323 |  566   434 |     11478|       0.52      17.32|
Info:      31000 |    15234      15765 |  558   442 |     11463|       0.56      17.87|
Info:      32000 |    15832      16167 |  598   402 |     11443|       0.44      18.31|
Info:      33000 |    16429      16570 |  597   403 |     11385|       0.52      18.83|
Info:      34000 |    17002      16997 |  573   427 |     11342|       0.49      19.32|
Info:      35000 |    17581      17418 |  579   421 |     11316|       0.55      19.87|
Info:      36000 |    18093      17906 |  512   488 |     11253|       0.49      20.36|
Info:      37000 |    18741      18258 |  648   352 |     11220|       0.58      20.94|
Info:      38000 |    19385      18614 |  644   356 |     11160|       0.66      21.60|
Info:      39000 |    19997      19002 |  612   388 |     11122|       0.48      22.08|
Info:      40000 |    20626      19373 |  629   371 |     11078|       0.50      22.58|
Info:      41000 |    21230      19769 |  604   396 |     10986|       0.50      23.08|
Info:      42000 |    21825      20174 |  595   405 |     10960|       0.52      23.60|
Info:      43000 |    22434      20565 |  609   391 |     10925|       0.51      24.11|
Info:      44000 |    23035      20964 |  601   399 |     10881|       0.54      24.64|
Info:      45000 |    23610      21389 |  575   425 |     10787|       0.49      25.13|
Info:      46000 |    24225      21774 |  615   385 |     10763|       0.52      25.66|
Info:      47000 |    24850      22147 |  625   373 |     10665|       0.54      26.20|
Info:      48000 |    25421      22576 |  571   429 |     10586|       0.43      26.63|
Info:      49000 |    26015      22982 |  594   406 |     10532|       0.53      27.16|
Info:      50000 |    26568      23429 |  553   447 |     10470|       0.66      27.82|
Info:      51000 |    27204      23793 |  636   364 |     10467|       0.52      28.34|
Info:      52000 |    27777      24220 |  573   427 |     10386|       0.47      28.81|
Info:      53000 |    28314      24683 |  537   463 |     10302|       0.50      29.32|
Info:      54000 |    28839      25158 |  525   475 |     10264|       0.45      29.77|
Info:      55000 |    29471      25526 |  632   368 |     10221|       0.61      30.38|
Info:      56000 |    30034      25962 |  563   436 |     10204|       0.60      30.97|
Info:      57000 |    30692      26304 |  658   342 |     10161|       0.63      31.60|
Info:      58000 |    31256      26740 |  564   436 |     10102|       0.49      32.10|
Info:      59000 |    31865      27131 |  609   391 |     10028|       0.62      32.72|
Info:      60000 |    32475      27521 |  610   390 |      9983|       0.60      33.32|
Info:      61000 |    33069      27927 |  594   406 |      9964|       0.59      33.91|
Info:      62000 |    33707      28289 |  638   362 |      9954|       0.61      34.52|
Info:      63000 |    34353      28643 |  646   354 |      9928|       0.66      35.18|
Info:      64000 |    35044      28952 |  691   309 |      9898|       0.58      35.76|
Info:      65000 |    35675      29321 |  631   369 |      9856|       0.58      36.34|
Info:      66000 |    36349      29647 |  674   326 |      9849|       0.79      37.13|
Info:      67000 |    36969      30027 |  620   380 |      9837|       0.62      37.74|
Info:      68000 |    37643      30353 |  674   326 |      9790|       0.54      38.28|
Info:      69000 |    38284      30712 |  641   359 |      9798|       0.72      39.01|
Info:      70000 |    38936      31060 |  652   348 |      9800|       0.55      39.56|
Info:      71000 |    39565      31431 |  629   371 |      9764|       0.53      40.08|
Info:      72000 |    40174      31819 |  609   388 |      9707|       0.46      40.55|
Info:      73000 |    40781      32212 |  607   393 |      9692|       0.49      41.04|
Info:      74000 |    41389      32604 |  608   392 |      9602|       0.57      41.61|
Info:      75000 |    42007      32986 |  618   382 |      9641|       0.69      42.30|
Info:      76000 |    42597      33396 |  590   410 |      9575|       0.52      42.82|
Info:      77000 |    43247      33746 |  650   350 |      9540|       0.63      43.46|
Info:      78000 |    43933      34060 |  686   314 |      9493|       0.83      44.28|
Info:      79000 |    44606      34387 |  673   327 |      9497|       0.68      44.96|
Info:      80000 |    45259      34734 |  653   347 |      9472|       0.90      45.86|
Info:      81000 |    45929      35064 |  670   330 |      9450|       0.54      46.41|
Info:      82000 |    46558      35435 |  629   371 |      9437|       0.60      47.00|
Info:      83000 |    47191      35802 |  633   367 |      9350|       0.69      47.69|
Info:      84000 |    47879      36114 |  688   312 |      9308|       0.59      48.28|
Info:      85000 |    48519      36474 |  640   360 |      9295|       0.96      49.24|
Info:      86000 |    49094      36890 |  575   416 |      9199|       0.54      49.78|
Info:      87000 |    49684      37300 |  590   410 |      9116|       0.64      50.42|
Info:      88000 |    50394      37590 |  710   290 |      9111|       0.70      51.12|
Info:      89000 |    51107      37877 |  713   287 |      9143|       0.65      51.77|
Info:      90000 |    51748      38236 |  641   359 |      9087|       0.51      52.27|
Info:      91000 |    52380      38595 |  632   359 |      9013|       0.65      52.92|
Info:      92000 |    53075      38900 |  695   305 |      8995|       0.81      53.73|
Info:      93000 |    53724      39251 |  649   351 |      8965|       0.82      54.55|
Info:      94000 |    54415      39560 |  691   309 |      8931|       1.21      55.76|
Info:      95000 |    55025      39950 |  610   390 |      8878|       0.61      56.38|
Info:      96000 |    55667      40308 |  642   358 |      8811|       0.58      56.96|
Info:      97000 |    56296      40679 |  629   371 |      8797|       0.72      57.68|
Info:      98000 |    56901      41074 |  605   395 |      8725|       0.59      58.27|
Info:      99000 |    57508      41467 |  607   393 |      8637|       0.64      58.91|
Info:     100000 |    58199      41776 |  691   309 |      8672|       0.95      59.86|
Info:     101000 |    58885      42090 |  686   314 |      8667|       0.93      60.79|
Info:     102000 |    59519      42456 |  634   366 |      8638|       0.87      61.65|
Info:     103000 |    60179      42796 |  660   340 |      8596|       0.52      62.17|
Info:     104000 |    60815      43160 |  636   364 |      8535|       0.81      62.98|
Info:     105000 |    61474      43501 |  659   341 |      8512|       0.55      63.54|
Info:     106000 |    62074      43901 |  600   400 |      8481|       0.61      64.14|
Info:     107000 |    62745      44230 |  671   329 |      8444|       1.01      65.15|
Info:     108000 |    63357      44618 |  612   388 |      8428|       0.96      66.10|
Info:     109000 |    64004      44971 |  647   353 |      8405|       0.60      66.70|
Info:     110000 |    64703      45263 |  699   292 |      8337|       0.62      67.32|
Info:     111000 |    65387      45579 |  684   316 |      8379|       0.89      68.21|
Info:     112000 |    65993      45973 |  606   394 |      8338|       0.77      68.98|
Info:     113000 |    66715      46251 |  722   278 |      8302|       0.92      69.90|
Info:     114000 |    67399      46567 |  684   316 |      8260|       0.71      70.61|
Info:     115000 |    68084      46874 |  685   307 |      8220|       0.72      71.33|
Info:     116000 |    68679      47279 |  595   405 |      8163|       0.66      71.98|
Info:     117000 |    69381      47577 |  702   298 |      8170|       0.96      72.94|
Info:     118000 |    69995      47963 |  614   386 |      8071|       0.62      73.56|
Info:     119000 |    70676      48277 |  681   314 |      8035|       1.04      74.60|
Info:     120000 |    71264      48689 |  588   412 |      8013|       0.62      75.22|
Info:     121000 |    71886      49067 |  622   378 |      7947|       0.86      76.08|
Info:     122000 |    72533      49420 |  647   353 |      7961|       0.69      76.77|
Info:     123000 |    73228      49725 |  695   305 |      7956|       0.69      77.47|
Info:     124000 |    73900      50053 |  672   328 |      7938|       0.90      78.37|
Info:     125000 |    74491      50462 |  591   409 |      7914|       0.62      78.99|
Info:     126000 |    75198      50742 |  707   280 |      7837|       1.63      80.62|
Info:     127000 |    75858      51082 |  660   340 |      7851|       0.62      81.24|
Info:     128000 |    76515      51425 |  657   343 |      7818|       0.65      81.89|
Info:     129000 |    77130      51810 |  615   385 |      7770|       0.63      82.52|
Info:     130000 |    77811      52129 |  681   319 |      7677|       0.65      83.16|
Info:     131000 |    78522      52418 |  711   289 |      7633|       1.04      84.20|
Info:     132000 |    79245      52695 |  723   277 |      7618|       0.68      84.88|
Info:     133000 |    79888      53052 |  643   357 |      7616|       0.84      85.72|
Info:     134000 |    80528      53412 |  640   360 |      7611|       1.25      86.96|
Info:     135000 |    81206      53734 |  678   322 |      7580|       1.28      88.24|
Info:     136000 |    81863      54077 |  657   343 |      7551|       0.84      89.08|
Info:     137000 |    82558      54382 |  695   305 |      7452|       0.87      89.95|
Info:     138000 |    83174      54766 |  616   384 |      7388|       1.74      91.69|
Info:     139000 |    83792      55148 |  618   382 |      7410|       0.88      92.57|
Info:     140000 |    84422      55518 |  630   370 |      7346|       0.53      93.10|
Info:     141000 |    85113      55827 |  691   309 |      7287|       1.06      94.16|
Info:     142000 |    85788      56152 |  675   325 |      7284|       0.99      95.16|
Info:     143000 |    86482      56458 |  694   306 |      7261|       0.87      96.03|
Info:     144000 |    87202      56738 |  720   280 |      7256|       1.25      97.27|
Info:     145000 |    87880      57060 |  678   322 |      7225|       0.87      98.14|
Info:     146000 |    88542      57398 |  662   338 |      7149|       0.83      98.98|
Info:     147000 |    89174      57766 |  632   368 |      7112|       0.54      99.51|
Info:     148000 |    89810      58130 |  636   364 |      7092|       0.92     100.44|
Info:     149000 |    90532      58408 |  722   278 |      7062|       0.63     101.07|
Info:     150000 |    91240      58700 |  708   292 |      7048|       1.42     102.49|
Info:     151000 |    91938      59002 |  698   302 |      7038|       1.41     103.90|
Info:     152000 |    92640      59300 |  702   298 |      6991|       0.63     104.53|
Info:     153000 |    93321      59619 |  681   319 |      6973|       0.85     105.38|
Info:     154000 |    94025      59915 |  704   296 |      6935|       0.65     106.03|
Info:     155000 |    94706      60234 |  681   319 |      6955|       1.18     107.21|
Info:     156000 |    95346      60594 |  640   360 |      6932|       0.76     107.97|
Info:     157000 |    96027      60913 |  681   319 |      6869|       0.58     108.55|
Info:     158000 |    96668      61272 |  641   359 |      6849|       0.97     109.52|
Info:     159000 |    97332      61608 |  664   336 |      6786|       0.76     110.28|
Info:     160000 |    97961      61979 |  629   371 |      6783|       1.48     111.77|
Info:     161000 |    98514      62413 |  553   434 |      6764|       0.62     112.39|
Info:     162000 |    99201      62726 |  687   313 |      6744|       1.06     113.45|
Info:     163000 |    99924      63003 |  723   277 |      6712|       1.31     114.75|
Info:     164000 |   100672      63255 |  748   252 |      6695|       1.05     115.80|
Info:     165000 |   101379      63548 |  707   293 |      6713|       1.30     117.10|
Info:     166000 |   102053      63874 |  674   326 |      6688|       1.22     118.32|
Info:     167000 |   102736      64191 |  683   317 |      6686|       0.94     119.27|
Info:     168000 |   103405      64522 |  669   331 |      6680|       1.03     120.30|
Info:     169000 |   104010      64905 |  605   383 |      6618|       0.87     121.17|
Info:     170000 |   104658      65257 |  648   352 |      6574|       0.62     121.79|
Info:     171000 |   105376      65539 |  718   282 |      6536|       0.93     122.72|
Info:     172000 |   106064      65851 |  688   312 |      6494|       1.12     123.84|
Info:     173000 |   106683      66232 |  619   381 |      6486|       0.98     124.82|
Info:     174000 |   107314      66601 |  631   369 |      6468|       0.76     125.58|
Info:     175000 |   107974      66930 |  660   329 |      6402|       0.68     126.26|
Info:     176000 |   108589      67315 |  615   385 |      6337|       0.85     127.11|
Info:     177000 |   109215      67688 |  626   373 |      6258|       1.05     128.16|
Info:     178000 |   109883      68020 |  668   332 |      6278|       1.44     129.60|
Info:     179000 |   110543      68360 |  660   340 |      6249|       1.26     130.86|
Info:     180000 |   111212      68691 |  669   331 |      6220|       1.36     132.23|
Info:     181000 |   111893      69010 |  681   319 |      6222|       2.59     134.82|
Info:     182000 |   112546      69357 |  653   347 |      6235|       1.32     136.14|
Info:     183000 |   113133      69770 |  587   413 |      6201|       0.93     137.08|
Info:     184000 |   113826      70077 |  693   307 |      6199|       0.90     137.98|
Info:     185000 |   114542      70361 |  716   284 |      6195|       1.46     139.44|
Info:     186000 |   115212      70691 |  670   330 |      6178|       1.16     140.60|
Info:     187000 |   115815      71078 |  603   387 |      6064|       0.96     141.55|
Info:     188000 |   116462      71431 |  647   353 |      6030|       0.83     142.38|
Info:     189000 |   117126      71759 |  664   328 |      5987|       0.52     142.91|
Info:     190000 |   117832      72053 |  706   294 |      5993|       0.83     143.74|
Info:     191000 |   118471      72414 |  639   361 |      5908|       0.61     144.35|
Info:     192000 |   119108      72761 |  637   347 |      5798|       0.94     145.29|
Info:     193000 |   119761      73104 |  653   343 |      5790|       0.83     146.13|
Info:     194000 |   120362      73503 |  601   399 |      5761|       1.05     147.17|
Info:     195000 |   121042      73823 |  680   320 |      5752|       0.67     147.84|
Info:     196000 |   121726      74139 |  684   316 |      5755|       1.45     149.29|
Info:     197000 |   122436      74429 |  710   290 |      5730|       0.86     150.15|
Info:     198000 |   123157      74708 |  721   279 |      5698|       0.97     151.12|
Info:     199000 |   123829      75036 |  672   328 |      5687|       0.74     151.86|
Info:     200000 |   124551      75304 |  722   268 |      5661|       0.71     152.57|
Info:     201000 |   125268      75587 |  717   283 |      5672|       0.78     153.34|
Info:     202000 |   125945      75898 |  677   311 |      5622|       0.84     154.18|
Info:     203000 |   126615      76228 |  670   330 |      5605|       0.93     155.11|
Info:     204000 |   127278      76565 |  663   337 |      5603|       1.34     156.45|
Info:     205000 |   127884      76959 |  606   394 |      5558|       0.61     157.06|
Info:     206000 |   128483      77351 |  599   392 |      5464|       0.92     157.99|
Info:     207000 |   129135      77692 |  652   341 |      5412|       0.79     158.77|
Info:     208000 |   129802      78025 |  667   333 |      5416|       1.10     159.87|
Info:     209000 |   130524      78303 |  722   278 |      5408|       1.26     161.13|
Info:     210000 |   131131      78696 |  607   393 |      5406|       1.03     162.16|
Info:     211000 |   131847      78980 |  716   284 |      5413|       0.86     163.02|
Info:     212000 |   132504      79322 |  657   342 |      5347|       1.59     164.62|
Info:     213000 |   133224      79602 |  720   280 |      5337|       1.34     165.95|
Info:     214000 |   133863      79963 |  639   361 |      5318|       2.42     168.37|
Info:     215000 |   134566      80258 |  703   295 |      5289|       1.27     169.64|
Info:     216000 |   135250      80573 |  684   315 |      5265|       1.47     171.11|
Info:     217000 |   135905      80918 |  655   345 |      5272|       1.82     172.93|
Info:     218000 |   136574      81249 |  669   331 |      5271|       0.71     173.64|
Info:     219000 |   137158      81647 |  584   398 |      5149|       0.62     174.27|
Info:     220000 |   137847      81958 |  689   311 |      5118|       0.79     175.06|
Info:     221000 |   138550      82255 |  703   297 |      5106|       2.04     177.10|
Info:     222000 |   139217      82588 |  667   333 |      5179|       2.36     179.46|
Info:     223000 |   139836      82969 |  619   381 |      5155|       1.28     180.73|
Info:     224000 |   140526      83279 |  690   310 |      5094|       1.22     181.96|
Info:     225000 |   141286      83519 |  760   240 |      5123|       2.25     184.20|
Info:     226000 |   142106      83699 |  820   180 |      5183|       1.56     185.76|
Info:     227000 |   142793      84012 |  687   313 |      5179|       1.54     187.30|
Info:     228000 |   143480      84325 |  687   313 |      5171|       1.48     188.78|
Info:     229000 |   144117      84688 |  637   363 |      5114|       2.09     190.87|
Info:     230000 |   144805      85000 |  688   312 |      5100|       1.52     192.39|
Info:     231000 |   145532      85273 |  727   273 |      5105|       1.48     193.86|
Info:     232000 |   146252      85553 |  720   280 |      5098|       1.68     195.54|
Info:     233000 |   147006      85799 |  754   246 |      5107|       0.61     196.16|
Info:     234000 |   147683      86122 |  677   323 |      5079|       1.09     197.25|
Info:     235000 |   148325      86480 |  642   358 |      5077|       1.04     198.28|
Info:     236000 |   148978      86827 |  653   347 |      5095|       1.35     199.63|
Info:     237000 |   149695      87110 |  717   283 |      5070|       1.95     201.59|
Info:     238000 |   150309      87481 |  614   371 |      5003|       1.09     202.68|
Info:     239000 |   150939      87837 |  630   356 |      4907|       0.89     203.57|
Info:     240000 |   151604      88161 |  665   324 |      4862|       0.83     204.40|
Info:     241000 |   152308      88456 |  704   295 |      4857|       0.75     205.15|
Info:     242000 |   153072      88692 |  764   236 |      4888|       1.62     206.77|
Info:     243000 |   153734      89030 |  662   338 |      4875|       1.29     208.06|
Info:     244000 |   154412      89352 |  678   322 |      4841|       1.65     209.71|
Info:     245000 |   155074      89690 |  662   338 |      4856|       1.29     211.00|
Info:     246000 |   155733      90029 |  659   339 |      4783|       1.19     212.20|
Info:     247000 |   156409      90353 |  676   324 |      4790|       0.97     213.16|
Info:     248000 |   157132      90630 |  723   277 |      4801|       3.47     216.63|
Info:     249000 |   157726      91036 |  594   406 |      4788|       1.62     218.24|
Info:     250000 |   158341      91421 |  615   385 |      4789|       1.84     220.08|
Info:     251000 |   159045      91717 |  704   296 |      4790|       1.03     221.11|
Info:     252000 |   159699      92048 |  654   331 |      4712|       2.56     223.67|
Info:     253000 |   160395      92352 |  696   304 |      4732|       2.07     225.74|
Info:     254000 |   160984      92763 |  589   411 |      4711|       1.19     226.93|
Info:     255000 |   161662      93085 |  678   322 |      4726|       1.59     228.52|
Info:     256000 |   162373      93374 |  711   289 |      4678|       1.63     230.15|
Info:     257000 |   163049      93698 |  676   324 |      4659|       2.20     232.35|
Info:     258000 |   163752      93994 |  703   296 |      4629|       0.63     232.98|
Info:     259000 |   164459      94284 |  707   290 |      4644|       0.58     233.55|
Info:     260000 |   165132      94610 |  673   326 |      4609|       1.55     235.10|
Info:     261000 |   165817      94925 |  685   315 |      4577|       2.46     237.56|
Info:     262000 |   166395      95347 |  578   422 |      4567|       1.36     238.92|
Info:     263000 |   167032      95710 |  637   363 |      4571|       1.70     240.62|
Info:     264000 |   167656      96086 |  624   376 |      4530|       2.30     242.92|
Info:     265000 |   168324      96413 |  668   327 |      4456|       1.03     243.95|
Info:     266000 |   168971      96740 |  647   327 |      4395|       0.98     244.93|
Info:     267000 |   169759      96952 |  788   212 |      4432|       1.68     246.61|
Info:     268000 |   170421      97290 |  662   338 |      4406|       1.58     248.19|
Info:     269000 |   171126      97585 |  705   295 |      4421|       1.78     249.97|
Info:     270000 |   171881      97830 |  755   245 |      4434|       1.12     251.09|
Info:     271000 |   172528      98183 |  647   353 |      4456|       1.01     252.09|
Info:     272000 |   173138      98573 |  610   390 |      4417|       1.39     253.48|
Info:     273000 |   173749      98962 |  611   389 |      4412|       1.55     255.03|
Info:     274000 |   174485      99226 |  736   264 |      4381|       1.23     256.27|
Info:     275000 |   175155      99549 |  670   323 |      4348|       0.97     257.24|
Info:     276000 |   175902      99802 |  747   253 |      4358|       2.74     259.98|
Info:     277000 |   176586     100118 |  684   316 |      4368|       2.12     262.10|
Info:     278000 |   177277     100427 |  691   309 |      4373|       1.98     264.08|
Info:     279000 |   177869     100835 |  592   408 |      4340|       0.76     264.85|
Info:     280000 |   178576     101128 |  707   293 |      4348|       1.54     266.39|
Info:     281000 |   179271     101433 |  695   305 |      4319|       1.32     267.71|
Info:     282000 |   180043     101647 |  772   214 |      4279|       1.52     269.23|
Info:     283000 |   180790     101900 |  747   253 |      4282|       1.19     270.42|
Info:     284000 |   181496     102194 |  706   294 |      4272|       1.40     271.82|
Info:     285000 |   182215     102475 |  719   281 |      4248|       1.92     273.74|
Info:     286000 |   182927     102759 |  712   284 |      4204|       1.65     275.40|
Info:     287000 |   183571     103115 |  644   356 |      4199|       0.91     276.31|
Info:     288000 |   184203     103483 |  632   368 |      4192|       1.23     277.53|
Info:     289000 |   184904     103782 |  701   299 |      4194|       1.83     279.37|
Info:     290000 |   185580     104106 |  676   324 |      4200|       1.09     280.46|
Info:     291000 |   186296     104390 |  716   284 |      4187|       0.98     281.44|
Info:     292000 |   186988     104698 |  692   308 |      4203|       1.43     282.87|
Info:     293000 |   187735     104951 |  747   253 |      4171|       2.08     284.95|
Info:     294000 |   188451     105235 |  716   284 |      4220|       0.99     285.94|
Info:     295000 |   189172     105514 |  721   279 |      4171|       2.95     288.89|
Info:     296000 |   189905     105781 |  733   267 |      4225|       1.67     290.56|
Info:     297000 |   190573     106113 |  668   332 |      4182|       1.46     292.02|
Info:     298000 |   191204     106482 |  631   369 |      4164|       2.16     294.18|
Info:     299000 |   191881     106796 |  677   314 |      4143|       2.65     296.83|
Info:     300000 |   192582     107095 |  701   299 |      4147|       3.19     300.03|
Info:     301000 |   193224     107453 |  642   358 |      4168|       3.02     303.05|
Info:     302000 |   193888     107789 |  664   336 |      4133|       1.69     304.74|
Info:     303000 |   194643     108034 |  755   245 |      4146|       1.23     305.97|
Info:     304000 |   195299     108378 |  656   344 |      4133|       1.41     307.38|
Info:     305000 |   195953     108724 |  654   346 |      4162|       2.53     309.91|
Info:     306000 |   196648     109029 |  695   305 |      4189|       2.22     312.13|
Info:     307000 |   197354     109323 |  706   294 |      4173|       2.27     314.40|
Info:     308000 |   197957     109720 |  603   397 |      4129|       0.97     315.37|
Info:     309000 |   198676     110001 |  719   281 |      4147|       1.90     317.27|
Info:     310000 |   199418     110259 |  742   258 |      4120|       2.55     319.82|
Info:     311000 |   200025     110645 |  607   386 |      4072|       2.79     322.61|
Info:     312000 |   200731     110939 |  706   294 |      4066|       2.44     325.05|
Info:     313000 |   201425     111245 |  694   306 |      4077|       1.70     326.75|
Info:     314000 |   202143     111515 |  718   270 |      4026|       1.88     328.63|
Info:     315000 |   202886     111772 |  743   257 |      3983|       2.10     330.73|
Info:     316000 |   203612     112046 |  726   274 |      4016|       3.62     334.35|
Info:     317000 |   204266     112392 |  654   346 |      3981|       3.65     338.01|
Info:     318000 |   204963     112695 |  697   303 |      3982|       1.54     339.55|
Info:     319000 |   205671     112985 |  708   290 |      3956|       1.23     340.78|
Info:     320000 |   206417     113235 |  746   250 |      3889|       1.40     342.18|
Info:     321000 |   207047     113605 |  630   370 |      3884|       1.40     343.59|
Info:     322000 |   207700     113952 |  653   347 |      3860|       1.30     344.89|
Info:     323000 |   208461     114191 |  761   239 |      3876|       0.60     345.49|
Info:     324000 |   209114     114538 |  653   347 |      3871|       5.46     350.95|
Info:     325000 |   209808     114844 |  694   306 |      3838|       4.21     355.16|
Info:     326000 |   210510     115142 |  702   298 |      3821|       2.09     357.25|
Info:     327000 |   211209     115443 |  699   301 |      3867|       2.49     359.73|
Info:     328000 |   211989     115663 |  780   220 |      3861|       3.93     363.67|
Info:     329000 |   212665     115987 |  676   324 |      3846|       1.80     365.47|
Info:     330000 |   213404     116248 |  739   261 |      3835|       2.86     368.33|
Info:     331000 |   214169     116483 |  765   235 |      3832|       4.18     372.51|
Info:     332000 |   214891     116761 |  722   278 |      3850|       6.03     378.54|
Info:     333000 |   215454     117198 |  563   437 |      3833|       1.51     380.06|
Info:     334000 |   216134     117518 |  680   320 |      3805|       2.40     382.45|
Info:     335000 |   216793     117846 |  659   328 |      3764|       4.87     387.33|
Info:     336000 |   217493     118146 |  700   300 |      3749|       2.12     389.44|
Info:     337000 |   218122     118505 |  629   359 |      3638|       0.66     390.10|
Info:     338000 |   218749     118878 |  627   373 |      3634|       1.62     391.72|
Info:     339000 |   219418     119209 |  669   331 |      3582|       1.13     392.86|
Info:     340000 |   220151     119476 |  733   267 |      3587|       1.71     394.57|
Info:     341000 |   220860     119767 |  709   291 |      3621|       7.40     401.97|
Info:     342000 |   221510     120117 |  650   350 |      3574|       1.43     403.40|
Info:     343000 |   222199     120428 |  689   311 |      3564|       1.14     404.54|
Info:     344000 |   222953     120674 |  754   246 |      3567|       2.63     407.17|
Info:     345000 |   223640     120987 |  687   313 |      3580|       4.36     411.53|
Info:     346000 |   224296     121331 |  656   344 |      3563|       3.81     415.34|
Info:     347000 |   225035     121592 |  739   261 |      3559|       2.40     417.74|
Info:     348000 |   225735     121892 |  700   300 |      3566|       1.81     419.54|
Info:     349000 |   226385     122242 |  650   350 |      3569|       3.11     422.65|
Info:     350000 |   227146     122481 |  761   239 |      3564|       2.10     424.75|
Info:     351000 |   227818     122809 |  672   328 |      3506|       1.51     426.26|
Info:     352000 |   228419     123208 |  601   399 |      3499|       1.49     427.75|
Info:     353000 |   229142     123485 |  723   277 |      3513|       5.05     432.79|
Info:     354000 |   229865     123762 |  723   277 |      3504|       3.16     435.95|
Info:     355000 |   230452     124175 |  587   413 |      3532|       1.06     437.01|
Info:     356000 |   231219     124408 |  767   233 |      3511|       2.14     439.15|
Info:     357000 |   231908     124719 |  689   311 |      3516|       0.97     440.12|
Info:     358000 |   232657     124970 |  749   251 |      3522|       2.90     443.02|
Info:     359000 |   233461     125166 |  804   196 |      3529|       1.72     444.75|
Info:     360000 |   234176     125451 |  715   285 |      3521|       4.73     449.47|
Info:     361000 |   234897     125730 |  721   279 |      3491|       3.48     452.96|
Info:     362000 |   235500     126127 |  603   397 |      3490|       0.88     453.84|
Info:     363000 |   236190     126437 |  690   310 |      3512|       6.01     459.86|
Info:     364000 |   236839     126788 |  649   351 |      3490|       1.49     461.34|
Info:     365000 |   237523     127104 |  684   316 |      3485|       3.54     464.88|
Info:     366000 |   238270     127357 |  747   253 |      3496|       1.47     466.35|
Info:     367000 |   238985     127642 |  715   285 |      3480|       2.61     468.96|
Info:     368000 |   239502     128125 |  517   483 |      3475|       4.64     473.61|
Info:     369000 |   240277     128350 |  775   225 |      3520|       2.57     476.18|
Info:     370000 |   240979     128648 |  702   298 |      3529|       1.54     477.72|
Info:     371000 |   241639     128988 |  660   340 |      3491|       1.38     479.10|
Info:     372000 |   242330     129297 |  691   309 |      3449|       5.45     484.55|
Info:     373000 |   242924     129701 |  594   404 |      3432|       1.31     485.86|
Info:     374000 |   243538     130087 |  614   386 |      3421|       1.33     487.19|
Info:     375000 |   244208     130416 |  670   329 |      3371|       2.12     489.31|
Info:     376000 |   244808     130815 |  600   399 |      3315|       0.81     490.12|
Info:     377000 |   245571     131052 |  763   237 |      3326|       2.18     492.30|
Info:     378000 |   246231     131392 |  660   340 |      3306|       1.95     494.25|
Info:     379000 |   246932     131690 |  701   298 |      3242|       4.87     499.12|
Info:     380000 |   247520     132102 |  588   412 |      3239|       1.26     500.38|
Info:     381000 |   248273     132349 |  753   247 |      3241|       3.16     503.54|
Info:     382000 |   248948     132674 |  675   325 |      3253|       4.84     508.38|
Info:     383000 |   249678     132944 |  730   270 |      3250|       8.62     517.00|
Info:     384000 |   250362     133260 |  684   316 |      3247|       4.63     521.63|
Info:     385000 |   250933     133689 |  571   429 |      3256|       3.85     525.48|
Info:     386000 |   251635     133987 |  702   298 |      3225|       4.74     530.22|
Info:     387000 |   252323     134299 |  688   312 |      3175|       1.53     531.75|
Info:     388000 |   252901     134721 |  578   422 |      3170|       2.59     534.34|
Info:     389000 |   253656     134966 |  755   245 |      3243|       2.00     536.34|
Info:     390000 |   254369     135253 |  713   287 |      3185|       2.52     538.86|
Info:     391000 |   255066     135556 |  697   303 |      3178|       3.22     542.09|
Info:     392000 |   255753     135869 |  687   313 |      3172|       2.69     544.78|
Info:     393000 |   256458     136164 |  705   295 |      3163|       1.22     546.00|
Info:     394000 |   257145     136464 |  687   300 |      3109|       2.66     548.66|
Info:     395000 |   257886     136723 |  741   259 |      3082|       3.71     552.37|
Info:     396000 |   258537     137069 |  651   346 |      2985|       1.22     553.59|
Info:     397000 |   259245     137361 |  708   292 |      2959|       3.31     556.90|
Info:     398000 |   259917     137689 |  672   328 |      2977|       2.67     559.57|
Info:     399000 |   260583     138023 |  666   334 |      2989|       5.54     565.11|
Info:     400000 |   261352     138254 |  769   231 |      3036|       3.64     568.75|
Info:     401000 |   262117     138489 |  765   235 |      3001|       5.48     574.23|
Info:     402000 |   262812     138794 |  695   305 |      3018|       2.69     576.92|
Info:     403000 |   263522     139084 |  710   290 |      3024|       1.58     578.49|
Info:     404000 |   264192     139414 |  670   330 |      2989|       2.36     580.85|
Info:     405000 |   264946     139660 |  754   246 |      3000|       5.84     586.69|
Info:     406000 |   265676     139930 |  730   270 |      2979|       3.41     590.10|
Info:     407000 |   266345     140261 |  669   331 |      2923|       2.42     592.53|
Info:     408000 |   267025     140581 |  680   320 |      2900|       2.02     594.54|
Info:     409000 |   267637     140969 |  612   388 |      2910|       2.18     596.73|
Info:     410000 |   268299     141307 |  662   338 |      2912|       2.88     599.61|
Info:     411000 |   269010     141596 |  711   289 |      2907|       2.11     601.71|
Info:     412000 |   269637     141969 |  627   373 |      2848|       2.70     604.41|
Info:     413000 |   270251     142354 |  614   385 |      2798|       1.70     606.11|
Info:     414000 |   270939     142660 |  688   306 |      2792|       2.75     608.87|
Info:     415000 |   271682     142917 |  743   257 |      2800|       2.28     611.14|
Info:     416000 |   272401     143198 |  719   281 |      2798|       2.53     613.67|
Info:     417000 |   273125     143474 |  724   276 |      2786|       1.67     615.34|
Info:     418000 |   273824     143774 |  699   300 |      2740|       0.91     616.25|
Info:     419000 |   274537     144061 |  713   287 |      2727|       4.11     620.36|
Info:     420000 |   275257     144341 |  720   280 |      2729|       1.73     622.08|
Info:     421000 |   275870     144728 |  613   387 |      2731|       6.84     628.92|
Info:     422000 |   276615     144983 |  745   255 |      2740|       1.31     630.23|
Info:     423000 |   277332     145266 |  717   283 |      2738|       7.26     637.49|
Info:     424000 |   278077     145521 |  745   255 |      2730|       3.01     640.50|
Info:     425000 |   278747     145851 |  670   330 |      2719|       1.64     642.15|
Info:     426000 |   279411     146187 |  664   336 |      2734|       5.93     648.08|
Info:     427000 |   280082     146516 |  671   329 |      2734|       3.43     651.51|
Info:     428000 |   280726     146872 |  644   356 |      2732|       7.91     659.42|
Info:     429000 |   281447     147151 |  721   279 |      2738|       3.05     662.47|
Info:     430000 |   282213     147385 |  766   234 |      2730|       1.68     664.16|
Info:     431000 |   282874     147724 |  661   339 |      2725|       9.50     673.66|
Info:     432000 |   283574     148015 |  700   291 |      2676|       2.61     676.27|
Info:     433000 |   284280     148309 |  706   294 |      2650|       1.59     677.86|
Info:     434000 |   285014     148575 |  734   266 |      2643|       2.29     680.15|
Info:     435000 |   285712     148877 |  698   302 |      2667|       2.36     682.51|
Info:     436000 |   286344     149245 |  632   368 |      2609|       3.31     685.82|
Info:     437000 |   287108     149481 |  764   236 |      2635|       3.98     689.81|
Info:     438000 |   287806     149783 |  698   302 |      2616|       2.00     691.81|
Info:     439000 |   288453     150136 |  647   353 |      2613|       3.38     695.19|
Info:     440000 |   289095     150493 |  642   357 |      2481|       2.88     698.08|
Info:     441000 |   289806     150782 |  711   289 |      2491|       1.35     699.42|
Info:     442000 |   290600     150988 |  794   206 |      2508|       3.27     702.69|
Info:     443000 |   291373     151215 |  773   227 |      2528|       3.11     705.81|
Info:     444000 |   292087     151501 |  714   286 |      2529|       2.86     708.66|
Info:     445000 |   292885     151703 |  798   202 |      2528|       3.03     711.69|
Info:     446000 |   293667     151921 |  782   218 |      2495|       5.26     716.95|
Info:     447000 |   294490     152098 |  823   177 |      2486|       1.50     718.45|
Info:     448000 |   295269     152319 |  779   221 |      2499|       3.40     721.85|
Info:     449000 |   295946     152642 |  677   323 |      2481|       5.95     727.80|
Info:     450000 |   296671     152917 |  725   275 |      2467|       3.04     730.83|
Info:     451000 |   297380     153208 |  709   291 |      2464|       1.69     732.52|
Info:     452000 |   298125     153463 |  745   255 |      2473|       2.69     735.21|
Info:     453000 |   298868     153720 |  743   257 |      2465|       1.43     736.64|
Info:     454000 |   299627     153961 |  759   241 |      2487|       9.34     745.98|
Info:     455000 |   300389     154199 |  762   238 |      2500|       5.57     751.55|
Info:     456000 |   301191     154397 |  802   198 |      2506|       2.69     754.24|
Info:     457000 |   301851     154737 |  660   340 |      2523|       3.17     757.41|
Info:     458000 |   302594     154994 |  743   257 |      2472|       4.78     762.19|
Info:     459000 |   303400     155188 |  806   194 |      2444|       2.26     764.44|
Info:     460000 |   304083     155505 |  683   317 |      2410|       1.83     766.28|
Info:     461000 |   304604     155984 |  521   479 |      2449|       5.44     771.71|
Info:     462000 |   305238     156350 |  634   366 |      2386|       4.45     776.16|
Info:     463000 |   305957     156631 |  719   281 |      2378|       1.07     777.24|
Info:     464000 |   306738     156850 |  781   219 |      2363|       1.15     778.39|
Info:     465000 |   307445     157143 |  707   293 |      2335|       1.95     780.34|
Info:     466000 |   308132     157456 |  687   313 |      2295|       3.92     784.26|
Info:     467000 |   308799     157788 |  667   332 |      2209|       1.20     785.46|
Info:     468000 |   309482     158105 |  683   317 |      2198|       4.80     790.26|
Info:     469000 |   310224     158363 |  742   258 |      2193|       1.73     791.99|
Info:     470000 |   310863     158724 |  639   361 |      2118|       1.52     793.51|
Info:     471000 |   311576     159011 |  713   287 |      2112|       1.44     794.95|
Info:     472000 |   312291     159296 |  715   285 |      2095|       1.97     796.92|
Info:     473000 |   313011     159576 |  720   280 |      2096|       1.55     798.48|
Info:     474000 |   313646     159941 |  635   365 |      2098|       2.02     800.49|
Info:     475000 |   314436     160151 |  790   210 |      2092|       2.32     802.82|
Info:     476000 |   315117     160470 |  681   319 |      2025|       2.20     805.02|
Info:     477000 |   315800     160768 |  683   298 |      1961|       1.90     806.92|
Info:     478000 |   316485     161083 |  685   315 |      1967|       2.61     809.53|
Info:     479000 |   317155     161413 |  670   330 |      1957|       1.54     811.07|
Info:     480000 |   317901     161667 |  746   254 |      1957|       6.70     817.77|
Info:     481000 |   318606     161962 |  705   295 |      1936|       8.99     826.76|
Info:     482000 |   319334     162234 |  728   272 |      1921|       4.51     831.27|
Info:     483000 |   320069     162499 |  735   265 |      1928|       1.90     833.17|
Info:     484000 |   320795     162771 |  726   272 |      1890|       1.53     834.70|
Info:     485000 |   321476     163090 |  681   319 |      1905|       3.78     838.48|
Info:     486000 |   322180     163386 |  704   296 |      1863|       1.07     839.56|
Info:     487000 |   322842     163724 |  662   338 |      1857|       1.20     840.76|
Info:     488000 |   323483     164083 |  641   359 |      1783|       1.16     841.92|
Info:     489000 |   324120     164437 |  637   354 |      1731|       1.51     843.43|
Info:     490000 |   324765     164792 |  645   355 |      1737|       1.01     844.43|
Info:     491000 |   325487     165070 |  722   278 |      1678|       3.26     847.69|
Info:     492000 |   326136     165421 |  649   351 |      1700|       4.01     851.70|
Info:     493000 |   326918     165639 |  782   218 |      1674|       3.67     855.37|
Info:     494000 |   327686     165871 |  768   232 |      1656|       3.19     858.56|
Info:     495000 |   328390     166161 |  704   290 |      1554|       2.02     860.58|
Info:     496000 |   329145     166406 |  755   245 |      1519|       2.87     863.45|
Info:     497000 |   329907     166644 |  762   238 |      1510|       2.21     865.66|
Info:     498000 |   330631     166920 |  724   276 |      1505|       1.77     867.43|
Info:     499000 |   331325     167226 |  694   306 |      1488|       2.24     869.67|
Info:     500000 |   331994     167548 |  669   322 |      1281|       1.77     871.44|
Info:     501000 |   332725     167817 |  731   269 |      1211|       3.32     874.76|
Info:     502000 |   333434     168108 |  709   291 |      1127|       0.66     875.42|
Info:     503000 |   333957     168585 |  523   477 |       945|       0.78     876.20|
Info:     504000 |   334381     169161 |  424   576 |       560|       2.60     878.80|
Info:     505000 |   334938     169604 |  557   443 |       294|       2.64     881.44|
Info:     506000 |   335535     170007 |  597   403 |        81|       6.75     888.19|
Info:     507000 |   336209     170333 |  674   326 |        38|      10.57     898.76|
Info:     508000 |   336953     170589 |  744   256 |        53|       9.40     908.15|
Info:     509000 |   337708     170834 |  755   245 |        55|       1.60     909.76|
Info:     510000 |   338431     171111 |  723   277 |        62|       2.74     912.49|
Info:     510942 |   339019     171466 |  588   355 |         0|       3.92     916.42|
Info: Routing complete.
Info: Router1 time 916.42s
Info: Checksum: 0xd5d7030b

Info: Critical path report for clock 'pclk' (posedge -> posedge):
Info: curr total
Info:  1.8  1.8  Source xosera_main.vram_arb.vram.umem2_RAM.DATAOUT_10
Info:  5.9  7.7    Net xosera_main.vram_arb.vram.data2[10] (0,0) -> (14,13)
Info:                Sink xosera_main.xrmem_arb.tilemem.bram.0.5_RDATA_2_SB_LUT4_I1_O_SB_LUT4_I3_O_SB_LUT4_O_I2_SB_LUT4_O_LC.I2
Info:                Defined in:
Info:                  upduino/xosera_upd.sv:284.13-306.2
Info:                  ./vram_arb.sv:95.6-102.2
Info:                  ./vram.sv:78.17-78.22
Info:                  ./xosera_main.sv:339.10-364.2
Info:  1.2  8.9  Source xosera_main.xrmem_arb.tilemem.bram.0.5_RDATA_2_SB_LUT4_I1_O_SB_LUT4_I3_O_SB_LUT4_O_I2_SB_LUT4_O_LC.O
Info:  3.0 11.9    Net xosera_main.xrmem_arb.tilemem.bram.0.5_RDATA_2_SB_LUT4_I1_O_SB_LUT4_I3_O_SB_LUT4_O_I2[0] (14,13) -> (17,14)
Info:                Sink xosera_main.xrmem_arb.tilemem.bram.0.5_RDATA_2_SB_LUT4_I1_O_SB_LUT4_I3_O_SB_LUT4_O_LC.I2
Info:                Defined in:
Info:                  /Users/kenj/Dev/oss-cad-suite/libexec/../share/yosys/ice40/cells_map.v:6.21-6.22
Info:  1.2 13.1  Source xosera_main.xrmem_arb.tilemem.bram.0.5_RDATA_2_SB_LUT4_I1_O_SB_LUT4_I3_O_SB_LUT4_O_LC.O
Info:  4.7 17.7    Net xosera_main.blitter.val_S_SB_DFFESR_Q_9_D_SB_LUT4_O_I2_SB_LUT4_O_1_I3[2] (17,14) -> (8,22)
Info:                Sink xosera_main.xrmem_arb.tilemem.bram.0.5_RDATA_2_SB_LUT4_I1_O_SB_LUT4_I3_O_SB_LUT4_I3_1_LC.I3
Info:                Defined in:
Info:                  /Users/kenj/Dev/oss-cad-suite/libexec/../share/yosys/ice40/cells_map.v:6.21-6.22
Info:  0.9 18.6  Source xosera_main.xrmem_arb.tilemem.bram.0.5_RDATA_2_SB_LUT4_I1_O_SB_LUT4_I3_O_SB_LUT4_I3_1_LC.O
Info:  1.8 20.4    Net xosera_main.video_gen.video_pf_b.pf_attr_word_SB_DFFESR_Q_D_SB_LUT4_O_I2[2] (8,22) -> (8,22)
Info:                Sink xosera_main.video_gen.video_pf_b.pf_data_word0_SB_DFFESR_Q_5_D_SB_LUT4_O_I3_SB_LUT4_O_LC.I3
Info:                Defined in:
Info:                  /Users/kenj/Dev/oss-cad-suite/libexec/../share/yosys/ice40/cells_map.v:6.21-6.22
Info:  0.9 21.3  Source xosera_main.video_gen.video_pf_b.pf_data_word0_SB_DFFESR_Q_5_D_SB_LUT4_O_I3_SB_LUT4_O_LC.O
Info:  4.9 26.2    Net xosera_main.video_gen.video_pf_b.pf_data_word0_SB_DFFESR_Q_5_D_SB_LUT4_O_I3[2] (8,22) -> (4,10)
Info:                Sink xosera_main.video_gen.video_pf_b.pf_data_word0_SB_DFFESR_Q_5_D_SB_LUT4_O_LC.I3
Info:                Defined in:
Info:                  /Users/kenj/Dev/oss-cad-suite/libexec/../share/yosys/ice40/cells_map.v:6.21-6.22
Info:  0.8 27.0  Setup xosera_main.video_gen.video_pf_b.pf_data_word0_SB_DFFESR_Q_5_D_SB_LUT4_O_LC.I3
Info: 6.8 ns logic, 20.2 ns routing

Info: Critical path report for cross-domain path '<async>' -> '<async>':
Info: curr total
Info:  0.0  0.0  Source led_green$sb_io.D_IN_0
Info:  3.0  3.0    Net led_green$SB_IO_IN (4,31) -> (7,30)
Info:                Sink bus_out_ena_SB_LUT4_O_LC.I2
Info:                Defined in:
Info:                  upduino/xosera_upd.sv:284.13-306.2
Info:                  ./reg_interface.sv:21.33-21.45
Info:                  ./xosera_main.sv:197.15-243.2
Info:  1.2  4.2  Source bus_out_ena_SB_LUT4_O_LC.O
Info:  4.6  8.8    Net bus_out_ena (7,30) -> (17,31)
Info:                Sink bus_tristate[7].OUTPUT_ENABLE
Info:                Defined in:
Info:                  upduino/xosera_upd.sv:131.7-131.18
Info: 1.2 ns logic, 7.6 ns routing

Info: Critical path report for cross-domain path '<async>' -> 'posedge pclk':
Info: curr total
Info:  0.0  0.0  Source bus_tristate[7].D_IN_0
Info:  5.4  5.4    Net bus_data_in[7] (17,31) -> (15,18)
Info:                Sink xosera_main.reg_interface.bus.data_ff0_SB_DFFSR_Q_DFFLC.I0
Info:                Defined in:
Info:                  upduino/xosera_upd.sv:284.13-306.2
Info:                  ./reg_interface.sv:24.33-24.43
Info:                  ./xosera_main.sv:197.15-243.2
Info:  1.2  6.7  Setup xosera_main.reg_interface.bus.data_ff0_SB_DFFSR_Q_DFFLC.I0
Info: 1.2 ns logic, 5.4 ns routing

Info: Critical path report for cross-domain path 'posedge pclk' -> '<async>':
Info: curr total
Info:  1.4  1.4  Source bus_data_out_r_SB_DFF_Q_4_D_SB_LUT4_O_LC.O
Info:  8.2  9.6    Net bus_data_out_r[3] (20,20) -> (9,31)
Info:                Sink bus_tristate[3].D_OUT_0
Info:                Defined in:
Info:                  upduino/xosera_upd.sv:133.13-133.27
Info: 1.4 ns logic, 8.2 ns routing

Info: Max frequency for clock 'pclk': 37.07 MHz (PASS at 33.77 MHz)

Info: Max delay <async>      -> <async>     : 8.79 ns
Info: Max delay <async>      -> posedge pclk: 6.67 ns
Info: Max delay posedge pclk -> <async>     : 9.62 ns

Info: Slack histogram:
Info:  legend: * represents 41 endpoint(s)
Info:          + represents [1,41) endpoint(s)
Info: [  2641,   3831) |+
Info: [  3831,   5021) |*****+
Info: [  5021,   6211) |*****+
Info: [  6211,   7401) |********+
Info: [  7401,   8591) |**********+
Info: [  8591,   9781) |******+
Info: [  9781,  10971) |*******+
Info: [ 10971,  12161) |**********+
Info: [ 12161,  13351) |********+
Info: [ 13351,  14541) |*********+
Info: [ 14541,  15731) |**************+
Info: [ 15731,  16921) |******************+
Info: [ 16921,  18111) |****************+
Info: [ 18111,  19301) |*************+
Info: [ 19301,  20491) |************************************************************ 
Info: [ 20491,  21681) |***********+
Info: [ 21681,  22871) |************+
Info: [ 22871,  24061) |******************+
Info: [ 24061,  25251) |************+
Info: [ 25251,  26441) |*****+

Info: Program finished normally.
