Info: Generated random seed: 706624011
Info: constrained 'led_red' to bel 'X6/Y31/io0'
Info: constrained 'led_green' to bel 'X4/Y31/io0'
Info: constrained 'led_blue' to bel 'X5/Y31/io0'
Info: constrained 'spi_cs' to bel 'X24/Y0/io1'
Info: constrained 'gpio_23' to bel 'X19/Y31/io0'
Info: constrained 'gpio_25' to bel 'X19/Y31/io1'
Info: constrained 'gpio_26' to bel 'X18/Y31/io0'
Info: constrained 'gpio_27' to bel 'X18/Y31/io1'
Info: constrained 'gpio_32' to bel 'X16/Y31/io0'
Info: constrained 'gpio_35' to bel 'X12/Y31/io1'
Info: constrained 'gpio_31' to bel 'X16/Y31/io1'
Info: constrained 'gpio_37' to bel 'X13/Y31/io0'
Info: constrained 'gpio_34' to bel 'X13/Y31/io1'
Info: constrained 'gpio_43' to bel 'X9/Y31/io0'
Info: constrained 'gpio_36' to bel 'X9/Y31/io1'
Info: constrained 'gpio_42' to bel 'X8/Y31/io0'
Info: constrained 'gpio_38' to bel 'X8/Y31/io1'
Info: constrained 'gpio_28' to bel 'X17/Y31/io0'
Info: constrained 'gpio_20' to bel 'X19/Y0/io1'
Info: constrained 'gpio_10' to bel 'X16/Y0/io0'
Info: constraining clock net 'gpio_20' to 12.00 MHz
Info: constrained 'gpio_12' to bel 'X18/Y0/io0'
Info: constrained 'gpio_21' to bel 'X18/Y0/io1'
Info: constrained 'gpio_13' to bel 'X19/Y0/io0'
Info: constrained 'gpio_19' to bel 'X21/Y0/io1'
Info: constrained 'gpio_18' to bel 'X22/Y0/io1'
Info: constrained 'gpio_11' to bel 'X17/Y0/io0'
Info: constrained 'gpio_9' to bel 'X15/Y0/io0'
Info: constrained 'gpio_6' to bel 'X13/Y0/io1'
Info: constrained 'gpio_44' to bel 'X6/Y0/io1'
Info: constrained 'gpio_4' to bel 'X9/Y0/io0'
Info: constrained 'gpio_3' to bel 'X9/Y0/io1'
Info: constrained 'gpio_48' to bel 'X7/Y0/io0'
Info: constrained 'gpio_45' to bel 'X7/Y0/io1'
Info: constrained 'gpio_47' to bel 'X6/Y0/io0'
Info: constrained 'gpio_46' to bel 'X5/Y0/io0'
Info: constrained 'gpio_2' to bel 'X8/Y0/io0'

Info: Packing constants..
Info: Packing IOs..
Info: gpio_34 feeds SB_IO bus_tristate[2], removing $nextpnr_iobuf gpio_34.
Info: gpio_31 feeds SB_IO bus_tristate[0], removing $nextpnr_iobuf gpio_31.
Info: gpio_28 feeds SB_IO bus_tristate[7], removing $nextpnr_iobuf gpio_28.
Info: gpio_43 feeds SB_IO bus_tristate[3], removing $nextpnr_iobuf gpio_43.
Info: gpio_9 feeds SB_IO dv_signals_sbio[6], removing $nextpnr_obuf gpio_9.
Info: gpio_6 feeds SB_IO dv_signals_sbio[2], removing $nextpnr_obuf gpio_6.
Info: gpio_48 feeds SB_IO dv_signals_sbio[8], removing $nextpnr_obuf gpio_48.
Info: gpio_47 feeds SB_IO dv_signals_sbio[0], removing $nextpnr_obuf gpio_47.
Info: gpio_46 feeds SB_IO dv_signals_sbio[14], removing $nextpnr_obuf gpio_46.
Info: gpio_45 feeds SB_IO dv_signals_sbio[4], removing $nextpnr_obuf gpio_45.
Info: gpio_44 feeds SB_IO dv_signals_sbio[9], removing $nextpnr_obuf gpio_44.
Info: gpio_4 feeds SB_IO dv_signals_sbio[5], removing $nextpnr_obuf gpio_4.
Info: gpio_3 feeds SB_IO dv_signals_sbio[1], removing $nextpnr_obuf gpio_3.
Info: gpio_21 feeds SB_IO dv_signals_sbio[13], removing $nextpnr_obuf gpio_21.
Info: gpio_2 feeds SB_IO dv_clk_sbio, removing $nextpnr_obuf gpio_2.
Info: gpio_19 feeds SB_IO dv_signals_sbio[7], removing $nextpnr_obuf gpio_19.
Info: gpio_18 feeds SB_IO dv_signals_sbio[3], removing $nextpnr_obuf gpio_18.
Info: gpio_13 feeds SB_IO dv_signals_sbio[11], removing $nextpnr_obuf gpio_13.
Info: gpio_12 feeds SB_IO dv_signals_sbio[12], removing $nextpnr_obuf gpio_12.
Info: gpio_11 feeds SB_IO dv_signals_sbio[10], removing $nextpnr_obuf gpio_11.
Info: gpio_42 feeds SB_IO bus_tristate[5], removing $nextpnr_iobuf gpio_42.
Info: gpio_38 feeds SB_IO bus_tristate[6], removing $nextpnr_iobuf gpio_38.
Info: gpio_37 feeds SB_IO bus_tristate[1], removing $nextpnr_iobuf gpio_37.
Info: gpio_36 feeds SB_IO bus_tristate[4], removing $nextpnr_iobuf gpio_36.
Info: Packing LUT-FFs..
Info:     2333 LCs used as LUT4 only
Info:     1275 LCs used as LUT4 and DFF
Info: Packing non-LUT FFs..
Info:      887 LCs used as DFF only
Info: Packing carries..
Info:       76 LCs used as CARRY only
Info: Packing indirect carry+LUT pairs...
Info:       47 LUTs merged into carry LCs
Info: Packing RAMs..
Info: Placing PLLs..
Info:   constrained PLL 'pll_inst' to X12/Y31/pll_3
Info: Packing special functions..
Info: Packing PLLs..
Info:     Input frequency of PLL 'pll_inst' is constrained to 12.0 MHz
Info:     VCO frequency of PLL 'pll_inst' is constrained to 540.2 MHz
Info:     Derived frequency constraint of 33.8 MHz for net pclk
Info:   PLL 'pll_inst' has LOCK output, need to pass all outputs via LUT
Info:   constrained 'pll_lock_SB_LUT4_I3_LC' to X1/Y30/lc0
Info: Promoting globals..
Info: promoting bus_data_out_r_SB_DFF_Q_1_D_SB_LUT4_O_I0_SB_LUT4_O_I2[0] [reset] (fanout 1845)
Info: promoting $PACKER_VCC_NET [logic] (fanout 233)
Info: promoting xosera_main.blit_full_SB_LUT4_I1_I2_SB_LUT4_O_1_I3[0] [logic] (fanout 112)
Info: promoting xosera_main.copp_prog_rd_en_SB_DFFSR_Q_D_SB_LUT4_O_I1[0] [reset] (fanout 90)
Info: promoting xosera_main.blit_vram_sel_SB_DFFESR_Q_D_SB_LUT4_O_I2_SB_LUT4_I2_O[0] [cen] (fanout 101)
Info: promoting xosera_main.video_gen.pb_bpp[1] [logic] (fanout 86)
Info: promoting xosera_main.video_gen.pa_bpp[1] [logic] (fanout 85)
Info: Constraining chains...
Info:       47 LCs used to legalise carry chains.
Info: Checksum: 0xcb5eecfe

Info: Annotating ports with timing budgets for target frequency 12.00 MHz
Info: Checksum: 0x18e60718

Info: Device utilisation:
Info: 	         ICESTORM_LC:  4573/ 5280    86%
Info: 	        ICESTORM_RAM:    26/   30    86%
Info: 	               SB_IO:    36/   96    37%
Info: 	               SB_GB:     8/    8   100%
Info: 	        ICESTORM_PLL:     1/    1   100%
Info: 	         SB_WARMBOOT:     1/    1   100%
Info: 	        ICESTORM_DSP:     5/    8    62%
Info: 	      ICESTORM_HFOSC:     0/    1     0%
Info: 	      ICESTORM_LFOSC:     0/    1     0%
Info: 	              SB_I2C:     0/    2     0%
Info: 	              SB_SPI:     0/    2     0%
Info: 	              IO_I3C:     0/    2     0%
Info: 	         SB_LEDDA_IP:     0/    1     0%
Info: 	         SB_RGBA_DRV:     0/    1     0%
Info: 	      ICESTORM_SPRAM:     4/    4   100%

Info: Placed 39 cells based on constraints.
Info: Creating initial analytic placement for 4068 cells, random placement wirelen = 114167.
Info:     at initial placer iter 0, wirelen = 1423
Info:     at initial placer iter 1, wirelen = 1362
Info:     at initial placer iter 2, wirelen = 1354
Info:     at initial placer iter 3, wirelen = 1349
Info: Running main analytical placer, max placement attempts per cell = 2707464.
Info:     at iteration #1, type ALL: wirelen solved = 1399, spread = 42858, legal = 67332; time = 0.72s
Info:     at iteration #2, type ALL: wirelen solved = 2372, spread = 37127, legal = 66618; time = 0.53s
Info:     at iteration #3, type ALL: wirelen solved = 3042, spread = 29835, legal = 54952; time = 0.55s
Info:     at iteration #4, type ALL: wirelen solved = 4322, spread = 28735, legal = 55305; time = 0.49s
Info:     at iteration #5, type ALL: wirelen solved = 5529, spread = 27632, legal = 51080; time = 0.46s
Info:     at iteration #6, type ALL: wirelen solved = 6996, spread = 26885, legal = 51285; time = 0.34s
Info:     at iteration #7, type ALL: wirelen solved = 8647, spread = 26063, legal = 48051; time = 0.43s
Info:     at iteration #8, type ALL: wirelen solved = 9237, spread = 25863, legal = 48165; time = 0.39s
Info:     at iteration #9, type ALL: wirelen solved = 9075, spread = 26506, legal = 51157; time = 0.44s
Info:     at iteration #10, type ALL: wirelen solved = 10071, spread = 26331, legal = 48091; time = 0.47s
Info:     at iteration #11, type ALL: wirelen solved = 11024, spread = 26024, legal = 48390; time = 0.36s
Info:     at iteration #12, type ALL: wirelen solved = 11047, spread = 25766, legal = 51729; time = 0.52s
Info: HeAP Placer Time: 6.29s
Info:   of which solving equations: 1.08s
Info:   of which spreading cells: 0.09s
Info:   of which strict legalisation: 4.92s

Info: Running simulated annealing placer for refinement.
Info:   at iteration #1: temp = 0.000000, timing cost = 717, wirelen = 48051
Info:   at iteration #5: temp = 0.000000, timing cost = 1567, wirelen = 39829
Info:   at iteration #10: temp = 0.000000, timing cost = 1364, wirelen = 36863
Info:   at iteration #15: temp = 0.000000, timing cost = 1560, wirelen = 35077
Info:   at iteration #20: temp = 0.000000, timing cost = 1722, wirelen = 34059
Info:   at iteration #25: temp = 0.000000, timing cost = 1545, wirelen = 33444
Info:   at iteration #30: temp = 0.000000, timing cost = 1645, wirelen = 33305
Info:   at iteration #31: temp = 0.000000, timing cost = 1635, wirelen = 33290 
Info: SA placement time 2.70s

Info: Max frequency for clock 'pclk': 34.85 MHz (PASS at 33.77 MHz)

Info: Max delay <async>      -> <async>     : 7.94 ns
Info: Max delay <async>      -> posedge pclk: 5.19 ns
Info: Max delay posedge pclk -> <async>     : 9.65 ns

Info: Slack histogram:
Info:  legend: * represents 55 endpoint(s)
Info:          + represents [1,55) endpoint(s)
Info: [   919,   4883) |***+
Info: [  4883,   8847) |*********************+
Info: [  8847,  12811) |*************+
Info: [ 12811,  16775) |*******************************+
Info: [ 16775,  20739) |************************************************************ 
Info: [ 20739,  24703) |************************************+
Info: [ 24703,  28667) |********+
Info: [ 28667,  32631) | 
Info: [ 32631,  36595) | 
Info: [ 36595,  40559) | 
Info: [ 40559,  44523) | 
Info: [ 44523,  48487) | 
Info: [ 48487,  52451) | 
Info: [ 52451,  56415) | 
Info: [ 56415,  60379) | 
Info: [ 60379,  64343) | 
Info: [ 64343,  68307) | 
Info: [ 68307,  72271) | 
Info: [ 72271,  76235) |+
Info: [ 76235,  80199) |+
Info: Checksum: 0x77241c2e
Info: Running timing-driven placement optimisation...
Info:    Iteration 0...
Info:    Iteration 1...
Info:    Iteration 2...
Info:    Iteration 3...
Info:    Iteration 4...
Info:    Iteration 5...
Info:    Iteration 6...
Info:    Iteration 7...
Info:    Iteration 8...
Info:    Iteration 9...
Info:    Iteration 10...
Info:    Iteration 11...
Info:    Iteration 12...
Info:    Iteration 13...
Info:    Iteration 14...
Info:    Iteration 15...
Info:    Iteration 16...
Info:    Iteration 17...
Info:    Iteration 18...
Info:    Iteration 19...
Info:    Iteration 20...
Info:    Iteration 21...
Info:    Iteration 22...
Info:    Iteration 23...
Info:    Iteration 24...
Info:    Iteration 25...
Info:    Iteration 26...
Info:    Iteration 27...
Info:    Iteration 28...
Info:    Iteration 29...

Info: Routing..
Info: Setting up routing queue.
Info: Routing 15879 arcs.
Info:            |   (re-)routed arcs  |   delta    | remaining|       time spent     |
Info:    IterCnt |  w/ripup   wo/ripup |  w/r  wo/r |      arcs| batch(sec) total(sec)|
Info:       1000 |      141        858 |  141   858 |     15057|       1.15       1.15|
Info:       2000 |      292       1707 |  151   849 |     14269|       0.50       1.65|
Info:       3000 |      553       2446 |  261   739 |     13662|       0.55       2.20|
Info:       4000 |      833       3166 |  280   720 |     13078|       0.44       2.64|
Info:       5000 |     1129       3870 |  296   704 |     12537|       0.40       3.04|
Info:       6000 |     1532       4467 |  403   597 |     12226|       0.51       3.54|
Info:       7000 |     1945       5054 |  413   587 |     11872|       0.46       4.00|
Info:       8000 |     2422       5577 |  477   523 |     11682|       0.53       4.54|
Info:       9000 |     2923       6076 |  501   499 |     11515|       0.56       5.10|
Info:      10000 |     3460       6539 |  537   463 |     11357|       0.52       5.62|
Info:      11000 |     3974       7025 |  514   486 |     11225|       0.44       6.06|
Info:      12000 |     4496       7503 |  522   478 |     11092|       0.54       6.60|
Info:      13000 |     5041       7958 |  545   455 |     10979|       0.51       7.10|
Info:      14000 |     5592       8407 |  551   449 |     10897|       0.40       7.51|
Info:      15000 |     6129       8867 |  537   460 |     10758|       0.43       7.94|
Info:      16000 |     6672       9324 |  543   457 |     10686|       0.47       8.40|
Info:      17000 |     7238       9758 |  566   434 |     10607|       0.50       8.90|
Info:      18000 |     7863      10133 |  625   375 |     10558|       0.51       9.41|
Info:      19000 |     8459      10537 |  596   404 |     10491|       0.62      10.02|
Info:      20000 |     9005      10991 |  546   454 |     10373|       0.45      10.48|
Info:      21000 |     9544      11452 |  539   461 |     10282|       0.53      11.01|
Info:      22000 |    10151      11845 |  607   393 |     10266|       0.41      11.42|
Info:      23000 |    10739      12257 |  588   412 |     10256|       0.51      11.93|
Info:      24000 |    11355      12641 |  616   384 |     10208|       0.42      12.35|
Info:      25000 |    11942      13054 |  587   413 |     10150|       0.57      12.93|
Info:      26000 |    12564      13432 |  622   378 |     10117|       0.47      13.40|
Info:      27000 |    13162      13834 |  598   402 |      9980|       0.45      13.85|
Info:      28000 |    13722      14274 |  560   440 |      9905|       0.41      14.26|
Info:      29000 |    14287      14709 |  565   435 |      9816|       0.35      14.61|
Info:      30000 |    14855      15132 |  568   423 |      9751|       0.43      15.03|
Info:      31000 |    15453      15534 |  598   402 |      9706|       0.62      15.65|
Info:      32000 |    16070      15917 |  617   383 |      9689|       0.60      16.26|
Info:      33000 |    16694      16293 |  624   376 |      9635|       0.48      16.74|
Info:      34000 |    17342      16645 |  648   352 |      9597|       0.48      17.22|
Info:      35000 |    17942      17045 |  600   400 |      9569|       0.53      17.74|
Info:      36000 |    18613      17374 |  671   329 |      9558|       0.62      18.37|
Info:      37000 |    19199      17788 |  586   414 |      9470|       0.40      18.77|
Info:      38000 |    19764      18223 |  565   435 |      9376|       0.44      19.21|
Info:      39000 |    20351      18636 |  587   413 |      9331|       0.37      19.58|
Info:      40000 |    20903      19084 |  552   448 |      9201|       0.47      20.05|
Info:      41000 |    21508      19479 |  605   395 |      9184|       0.38      20.43|
Info:      42000 |    22150      19837 |  642   358 |      9195|       0.68      21.12|
Info:      43000 |    22763      20224 |  613   387 |      9189|       0.50      21.61|
Info:      44000 |    23363      20624 |  600   400 |      9127|       0.60      22.21|
Info:      45000 |    23928      21046 |  565   422 |      9002|       0.39      22.60|
Info:      46000 |    24495      21479 |  567   433 |      8920|       0.40      23.01|
Info:      47000 |    25128      21846 |  633   367 |      8843|       0.37      23.38|
Info:      48000 |    25750      22224 |  622   378 |      8815|       0.57      23.95|
Info:      49000 |    26418      22556 |  668   332 |      8768|       0.59      24.54|
Info:      50000 |    27066      22908 |  648   352 |      8684|       0.49      25.02|
Info:      51000 |    27703      23270 |  637   362 |      8634|       0.52      25.54|
Info:      52000 |    28283      23690 |  580   420 |      8620|       0.37      25.91|
Info:      53000 |    28907      24066 |  624   376 |      8555|       0.43      26.35|
Info:      54000 |    29540      24433 |  633   367 |      8486|       0.50      26.85|
Info:      55000 |    30091      24882 |  551   449 |      8346|       0.37      27.22|
Info:      56000 |    30673      25300 |  582   418 |      8279|       0.43      27.65|
Info:      57000 |    31339      25634 |  666   334 |      8251|       0.47      28.12|
Info:      58000 |    31949      26024 |  610   390 |      8159|       0.33      28.45|
Info:      59000 |    32579      26394 |  630   370 |      8161|       0.50      28.95|
Info:      60000 |    33122      26851 |  543   457 |      8082|       0.37      29.32|
Info:      61000 |    33730      27243 |  608   392 |      8024|       0.47      29.79|
Info:      62000 |    34422      27551 |  692   308 |      8020|       0.56      30.36|
Info:      63000 |    35085      27888 |  663   337 |      7975|       0.51      30.86|
Info:      64000 |    35656      28317 |  571   429 |      7899|       0.50      31.37|
Info:      65000 |    36337      28636 |  681   319 |      7865|       0.66      32.03|
Info:      66000 |    36909      29051 |  572   415 |      7762|       0.38      32.40|
Info:      67000 |    37465      29495 |  556   444 |      7721|       0.43      32.83|
Info:      68000 |    38071      29889 |  606   394 |      7699|       0.46      33.29|
Info:      69000 |    38650      30310 |  579   421 |      7607|       0.40      33.68|
Info:      70000 |    39226      30734 |  576   424 |      7564|       0.62      34.30|
Info:      71000 |    39920      31040 |  694   306 |      7509|       0.57      34.87|
Info:      72000 |    40535      31412 |  615   372 |      7425|       0.71      35.58|
Info:      73000 |    41188      31759 |  653   347 |      7443|       0.74      36.32|
Info:      74000 |    41842      32105 |  654   346 |      7387|       0.54      36.86|
Info:      75000 |    42548      32399 |  706   294 |      7344|       0.56      37.42|
Info:      76000 |    43197      32750 |  649   351 |      7251|       0.57      37.99|
Info:      77000 |    43859      33088 |  662   338 |      7164|       0.39      38.38|
Info:      78000 |    44466      33481 |  607   393 |      7124|       0.56      38.94|
Info:      79000 |    45158      33789 |  692   308 |      7108|       0.45      39.39|
Info:      80000 |    45776      34158 |  618   369 |      7009|       0.44      39.83|
Info:      81000 |    46409      34525 |  633   367 |      6880|       0.51      40.34|
Info:      82000 |    47125      34809 |  716   284 |      6866|       0.44      40.79|
Info:      83000 |    47711      35223 |  586   414 |      6732|       0.33      41.12|
Info:      84000 |    48287      35647 |  576   424 |      6652|       0.37      41.49|
Info:      85000 |    48985      35949 |  698   302 |      6595|       0.46      41.94|
Info:      86000 |    49696      36238 |  711   289 |      6604|       0.66      42.60|
Info:      87000 |    50328      36606 |  632   368 |      6586|       0.46      43.06|
Info:      88000 |    51001      36933 |  673   327 |      6593|       0.49      43.55|
Info:      89000 |    51686      37248 |  685   315 |      6553|       0.42      43.97|
Info:      90000 |    52307      37627 |  621   379 |      6496|       0.47      44.44|
Info:      91000 |    52984      37950 |  677   323 |      6478|       0.52      44.96|
Info:      92000 |    53623      38311 |  639   361 |      6438|       0.57      45.52|
Info:      93000 |    54212      38710 |  589   399 |      6391|       0.44      45.96|
Info:      94000 |    54850      39072 |  638   362 |      6346|       0.51      46.47|
Info:      95000 |    55388      39518 |  538   446 |      6207|       0.55      47.03|
Info:      96000 |    56036      39857 |  648   339 |      6163|       0.58      47.61|
Info:      97000 |    56676      40217 |  640   360 |      6124|       0.49      48.10|
Info:      98000 |    57309      40584 |  633   367 |      6133|       0.50      48.59|
Info:      99000 |    58010      40883 |  701   299 |      6125|       0.52      49.12|
Info:     100000 |    58652      41241 |  642   358 |      6096|       0.46      49.58|
Info:     101000 |    59289      41604 |  637   363 |      6069|       0.53      50.11|
Info:     102000 |    59890      42003 |  601   399 |      6056|       0.62      50.73|
Info:     103000 |    60495      42390 |  605   387 |      5986|       0.40      51.12|
Info:     104000 |    61106      42769 |  611   379 |      5937|       0.41      51.53|
Info:     105000 |    61809      43065 |  703   296 |      5916|       0.53      52.06|
Info:     106000 |    62500      43366 |  691   301 |      5894|       0.60      52.65|
Info:     107000 |    63239      43625 |  739   259 |      5873|       0.67      53.32|
Info:     108000 |    63959      43905 |  720   280 |      5910|       0.80      54.13|
Info:     109000 |    64681      44183 |  722   278 |      5883|       0.76      54.88|
Info:     110000 |    65351      44513 |  670   330 |      5858|       0.70      55.58|
Info:     111000 |    65977      44887 |  626   374 |      5784|       0.78      56.36|
Info:     112000 |    66714      45150 |  737   263 |      5750|       0.58      56.94|
Info:     113000 |    67335      45529 |  621   379 |      5705|       0.58      57.52|
Info:     114000 |    67993      45871 |  658   342 |      5693|       0.64      58.16|
Info:     115000 |    68756      46108 |  763   237 |      5689|       0.67      58.83|
Info:     116000 |    69451      46413 |  695   305 |      5696|       0.66      59.48|
Info:     117000 |    70108      46756 |  657   343 |      5661|       1.07      60.55|
Info:     118000 |    70754      47108 |  646   352 |      5598|       0.57      61.13|
Info:     119000 |    71458      47404 |  704   296 |      5613|       0.59      61.72|
Info:     120000 |    72096      47766 |  638   362 |      5556|       0.55      62.27|
Info:     121000 |    72705      48156 |  609   390 |      5484|       0.67      62.94|
Info:     122000 |    73356      48488 |  651   332 |      5398|       0.41      63.35|
Info:     123000 |    74022      48819 |  666   331 |      5387|       0.54      63.89|
Info:     124000 |    74722      49107 |  700   288 |      5374|       0.83      64.73|
Info:     125000 |    75384      49445 |  662   338 |      5330|       0.61      65.33|
Info:     126000 |    76051      49778 |  667   333 |      5325|       0.54      65.88|
Info:     127000 |    76764      50065 |  713   287 |      5326|       0.55      66.43|
Info:     128000 |    77412      50417 |  648   352 |      5313|       0.66      67.09|
Info:     129000 |    78058      50747 |  646   330 |      5207|       0.61      67.70|
Info:     130000 |    78802      51003 |  744   256 |      5177|       0.56      68.26|
Info:     131000 |    79486      51319 |  684   316 |      5165|       0.58      68.84|
Info:     132000 |    80163      51642 |  677   323 |      5191|       0.74      69.58|
Info:     133000 |    80847      51958 |  684   316 |      5117|       0.81      70.39|
Info:     134000 |    81463      52341 |  616   383 |      5120|       0.63      71.02|
Info:     135000 |    82160      52643 |  697   302 |      5078|       1.15      72.17|
Info:     136000 |    82830      52966 |  670   323 |      5019|       0.53      72.70|
Info:     137000 |    83579      53217 |  749   251 |      5008|       1.07      73.77|
Info:     138000 |    84216      53577 |  637   360 |      4962|       0.60      74.37|
Info:     139000 |    84830      53963 |  614   386 |      4941|       0.93      75.29|
Info:     140000 |    85485      54308 |  655   345 |      4923|       0.59      75.88|
Info:     141000 |    86119      54667 |  634   359 |      4849|       0.73      76.61|
Info:     142000 |    86743      55030 |  624   363 |      4770|       0.53      77.14|
Info:     143000 |    87391      55377 |  648   347 |      4732|       0.49      77.63|
Info:     144000 |    88082      55686 |  691   309 |      4707|       0.62      78.24|
Info:     145000 |    88767      55987 |  685   301 |      4724|       0.87      79.12|
Info:     146000 |    89493      56261 |  726   274 |      4733|       0.99      80.10|
Info:     147000 |    90129      56625 |  636   364 |      4704|       1.03      81.13|
Info:     148000 |    90753      57001 |  624   376 |      4581|       0.70      81.83|
Info:     149000 |    91484      57270 |  731   269 |      4579|       1.91      83.74|
Info:     150000 |    92127      57616 |  643   346 |      4542|       0.99      84.73|
Info:     151000 |    92696      58035 |  569   419 |      4467|       0.73      85.46|
Info:     152000 |    93321      58384 |  625   349 |      4362|       0.70      86.16|
Info:     153000 |    93948      58757 |  627   373 |      4393|       0.66      86.82|
Info:     154000 |    94666      59039 |  718   282 |      4381|       0.73      87.55|
Info:     155000 |    95298      59407 |  632   368 |      4370|       1.02      88.57|
Info:     156000 |    95882      59809 |  584   402 |      4254|       0.56      89.12|
Info:     157000 |    96454      60226 |  572   417 |      4151|       0.45      89.57|
Info:     158000 |    97151      60524 |  697   298 |      4063|       0.56      90.13|
Info:     159000 |    97885      60789 |  734   265 |      4036|       0.82      90.95|
Info:     160000 |    98570      61104 |  685   315 |      3984|       0.52      91.47|
Info:     161000 |    99246      61428 |  676   324 |      3953|       0.62      92.09|
Info:     162000 |    99814      61860 |  568   432 |      3941|       1.22      93.31|
Info:     163000 |   100341      62332 |  527   472 |      3802|       0.60      93.91|
Info:     164000 |   100932      62738 |  591   406 |      3668|       0.48      94.39|
Info:     165000 |   101529      63122 |  597   384 |      3557|       0.80      95.19|
Info:     166000 |   102209      63442 |  680   320 |      3548|       0.52      95.72|
Info:     167000 |   102975      63676 |  766   234 |      3548|       0.74      96.46|
Info:     168000 |   103570      64074 |  595   398 |      3451|       0.74      97.20|
Info:     169000 |   104205      64437 |  635   363 |      3395|       0.62      97.83|
Info:     170000 |   104754      64864 |  549   427 |      3247|       0.43      98.26|
Info:     171000 |   105432      65185 |  678   321 |      3203|       0.80      99.06|
Info:     172000 |   106206      65411 |  774   226 |      3207|       0.81      99.87|
Info:     173000 |   106891      65726 |  685   315 |      3173|       0.80     100.67|
Info:     174000 |   107514      66103 |  623   377 |      3164|       0.65     101.32|
Info:     175000 |   108205      66412 |  691   309 |      3149|       0.73     102.06|
Info:     176000 |   108921      66696 |  716   284 |      3152|       0.83     102.89|
Info:     177000 |   109605      67012 |  684   316 |      3149|       0.59     103.48|
Info:     178000 |   110243      67374 |  638   362 |      3148|       0.93     104.41|
Info:     179000 |   110931      67686 |  688   312 |      3099|       0.92     105.33|
Info:     180000 |   111615      68002 |  684   316 |      3108|       1.26     106.60|
Info:     181000 |   112327      68290 |  712   288 |      3101|       0.68     107.27|
Info:     182000 |   112935      68682 |  608   392 |      3080|       0.75     108.02|
Info:     183000 |   113658      68959 |  723   277 |      3087|       0.79     108.81|
Info:     184000 |   114398      69219 |  740   260 |      3103|       0.89     109.69|
Info:     185000 |   115050      69567 |  652   348 |      3087|       1.04     110.74|
Info:     186000 |   115733      69870 |  683   303 |      3029|       0.56     111.29|
Info:     187000 |   116403      70200 |  670   330 |      2991|       0.77     112.06|
Info:     188000 |   117083      70520 |  680   320 |      2977|       0.78     112.84|
Info:     189000 |   117805      70798 |  722   278 |      3012|       0.68     113.52|
Info:     190000 |   118496      71107 |  691   309 |      2957|       0.65     114.16|
Info:     191000 |   119166      71424 |  670   317 |      2910|       1.31     115.47|
Info:     192000 |   119814      71776 |  648   352 |      2905|       1.05     116.52|
Info:     193000 |   120557      72033 |  743   257 |      2907|       0.52     117.04|
Info:     194000 |   121243      72347 |  686   314 |      2860|       0.49     117.53|
Info:     195000 |   121933      72657 |  690   310 |      2822|       0.66     118.19|
Info:     196000 |   122577      73013 |  644   356 |      2814|       0.86     119.05|
Info:     197000 |   123311      73279 |  734   266 |      2788|       0.83     119.88|
Info:     198000 |   123975      73615 |  664   336 |      2751|       0.63     120.51|
Info:     199000 |   124728      73862 |  753   247 |      2757|       2.23     122.74|
Info:     200000 |   125432      74158 |  704   296 |      2759|       1.60     124.35|
Info:     201000 |   126191      74399 |  759   241 |      2740|       0.75     125.10|
Info:     202000 |   126870      74720 |  679   321 |      2725|       0.62     125.72|
Info:     203000 |   127546      75043 |  676   323 |      2641|       1.03     126.75|
Info:     204000 |   128076      75513 |  530   470 |      2629|       1.07     127.82|
Info:     205000 |   128748      75839 |  672   326 |      2563|       0.53     128.35|
Info:     206000 |   129456      76131 |  708   292 |      2541|       0.60     128.95|
Info:     207000 |   130215      76372 |  759   241 |      2542|       0.97     129.92|
Info:     208000 |   130856      76731 |  641   359 |      2539|       0.69     130.61|
Info:     209000 |   131578      77008 |  722   277 |      2524|       0.85     131.46|
Info:     210000 |   132218      77368 |  640   360 |      2521|       0.64     132.10|
Info:     211000 |   132840      77746 |  622   378 |      2507|       0.72     132.81|
Info:     212000 |   133532      78054 |  692   308 |      2503|       0.71     133.52|
Info:     213000 |   134203      78381 |  671   327 |      2438|       1.10     134.62|
Info:     214000 |   134882      78702 |  679   321 |      2424|       0.76     135.38|
Info:     215000 |   135490      79094 |  608   392 |      2391|       0.64     136.02|
Info:     216000 |   136137      79441 |  647   347 |      2372|       1.29     137.31|
Info:     217000 |   136721      79857 |  584   416 |      2298|       0.65     137.96|
Info:     218000 |   137436      80142 |  715   285 |      2329|       0.78     138.74|
Info:     219000 |   138078      80500 |  642   358 |      2302|       0.83     139.57|
Info:     220000 |   138647      80931 |  569   431 |      2275|       0.78     140.35|
Info:     221000 |   139384      81194 |  737   263 |      2276|       1.04     141.39|
Info:     222000 |   140066      81511 |  682   317 |      2213|       0.93     142.32|
Info:     223000 |   140666      81910 |  600   399 |      2134|       0.64     142.96|
Info:     224000 |   141330      82246 |  664   336 |      2142|       1.02     143.98|
Info:     225000 |   141973      82603 |  643   357 |      2114|       0.72     144.70|
Info:     226000 |   142662      82914 |  689   311 |      2097|       0.87     145.57|
Info:     227000 |   143354      83222 |  692   308 |      2119|       2.54     148.11|
Info:     228000 |   144111      83465 |  757   243 |      2096|       0.98     149.09|
Info:     229000 |   144837      83739 |  726   274 |      2079|       0.52     149.61|
Info:     230000 |   145504      84072 |  667   333 |      2115|       0.81     150.42|
Info:     231000 |   146175      84401 |  671   329 |      2112|       0.85     151.27|
Info:     232000 |   146772      84804 |  597   403 |      2125|       1.20     152.47|
Info:     233000 |   147473      85103 |  701   299 |      2141|       0.88     153.36|
Info:     234000 |   148154      85422 |  681   319 |      2118|       1.02     154.38|
Info:     235000 |   148828      85748 |  674   326 |      2078|       1.33     155.71|
Info:     236000 |   149474      86102 |  646   354 |      2027|       0.62     156.32|
Info:     237000 |   150143      86433 |  669   331 |      2019|       0.70     157.03|
Info:     238000 |   150748      86828 |  605   395 |      2004|       0.51     157.54|
Info:     239000 |   151397      87179 |  649   351 |      1986|       1.00     158.54|
Info:     240000 |   152130      87446 |  733   267 |      1971|       2.11     160.64|
Info:     241000 |   152825      87751 |  695   305 |      1979|       1.16     161.81|
Info:     242000 |   153545      88031 |  720   280 |      1958|       0.99     162.80|
Info:     243000 |   154285      88291 |  740   260 |      1956|       1.04     163.84|
Info:     244000 |   155028      88548 |  743   257 |      1975|       2.55     166.39|
Info:     245000 |   155720      88856 |  692   308 |      2034|       1.09     167.48|
Info:     246000 |   156417      89159 |  697   303 |      2010|       0.62     168.10|
Info:     247000 |   157145      89431 |  728   272 |      2044|       0.85     168.95|
Info:     248000 |   157755      89821 |  610   390 |      2016|       1.10     170.05|
Info:     249000 |   158430      90146 |  675   325 |      1975|       0.84     170.89|
Info:     250000 |   159054      90510 |  624   364 |      1806|       0.59     171.48|
Info:     251000 |   159768      90796 |  714   286 |      1796|       0.63     172.12|
Info:     252000 |   160513      91051 |  745   255 |      1858|       1.20     173.32|
Info:     253000 |   161225      91339 |  712   288 |      1791|       0.82     174.15|
Info:     254000 |   161949      91614 |  724   275 |      1757|       0.76     174.91|
Info:     255000 |   162679      91884 |  730   270 |      1779|       1.23     176.13|
Info:     256000 |   163307      92256 |  628   372 |      1717|       1.05     177.18|
Info:     257000 |   163905      92658 |  598   402 |      1674|       1.00     178.18|
Info:     258000 |   164534      93015 |  629   357 |      1442|       0.31     178.49|
Info:     259000 |   165055      93488 |  521   473 |      1106|       0.62     179.11|
Info:     260000 |   165791      93752 |  736   264 |      1102|       0.40     179.51|
Info:     261000 |   166559      93984 |  768   232 |      1055|       0.89     180.40|
Info:     262000 |   166912      94631 |  353   647 |       577|       0.87     181.27|
Info:     263000 |   167298      95245 |  386   614 |       116|       1.49     182.76|
Info:     263437 |   167524      95457 |  226   212 |         0|       0.58     183.34|
Info: Routing complete.
Info: Router1 time 183.34s
Info: Checksum: 0x6611c59c

Info: Critical path report for clock 'pclk' (posedge -> posedge):
Info: curr total
Info:  1.4  1.4  Source xosera_main.video_gen.pb_vram_sel_SB_DFFESR_Q_D_SB_LUT4_O_LC.O
Info:  4.2  5.6    Net xosera_main.video_gen.pb_vram_sel budget 3.439000 ns (7,5) -> (11,15)
Info:                Sink xosera_main.video_gen.pb_tile_sel_SB_LUT4_I2_LC.I0
Info:                Defined in:
Info:                  upduino/xosera_upd.sv:284.13-304.14
Info:                  ./video_gen.sv:304.21-349.6
Info:                  ./video_playfield.sv:27.33-27.43
Info:                  ./xosera_main.sv:221.11-263.2
Info:  1.3  6.9  Source xosera_main.video_gen.pb_tile_sel_SB_LUT4_I2_LC.O
Info:  3.6 10.5    Net xosera_main.video_gen.pb_tile_addr_SB_DFFESR_Q_12_D_SB_LUT4_O_I2[1] budget 3.439000 ns (11,15) -> (9,11)
Info:                Sink xosera_main.video_gen.video_pf_b.pf_pixels_buf_full_SB_LUT4_I0_LC.I3
Info:                Defined in:
Info:                  /Users/kenj/Dev/oss-cad-suite/libexec/../share/yosys/ice40/cells_map.v:6.21-6.22
Info:  0.9 11.4  Source xosera_main.video_gen.video_pf_b.pf_pixels_buf_full_SB_LUT4_I0_LC.O
Info:  3.6 15.0    Net xosera_main.video_gen.pb_tile_addr_SB_DFFESR_Q_11_E_SB_LUT4_O_I2_SB_LUT4_O_I3_SB_LUT4_O_I1[0] budget 3.438000 ns (9,11) -> (14,7)
Info:                Sink xosera_main.video_gen.pb_tile_addr_SB_DFFESR_Q_11_E_SB_LUT4_O_I2_SB_LUT4_O_I3_SB_LUT4_O_LC.I1
Info:                Defined in:
Info:                  /Users/kenj/Dev/oss-cad-suite/libexec/../share/yosys/ice40/cells_map.v:6.21-6.22
Info:  1.2 16.2  Source xosera_main.video_gen.pb_tile_addr_SB_DFFESR_Q_11_E_SB_LUT4_O_I2_SB_LUT4_O_I3_SB_LUT4_O_LC.O
Info:  1.8 18.0    Net xosera_main.video_gen.pb_tile_addr_SB_DFFESR_Q_11_E_SB_LUT4_O_I2_SB_LUT4_O_I3[2] budget 2.579000 ns (14,7) -> (15,8)
Info:                Sink xosera_main.video_gen.pb_tile_addr_SB_DFFESR_Q_11_E_SB_LUT4_O_I2_SB_LUT4_O_LC.I3
Info:                Defined in:
Info:                  /Users/kenj/Dev/oss-cad-suite/libexec/../share/yosys/ice40/cells_map.v:6.21-6.22
Info:  0.9 18.9  Source xosera_main.video_gen.pb_tile_addr_SB_DFFESR_Q_11_E_SB_LUT4_O_I2_SB_LUT4_O_LC.O
Info:  1.8 20.6    Net xosera_main.video_gen.pb_tile_addr_SB_DFFESR_Q_11_E_SB_LUT4_O_I2[3] budget 2.579000 ns (15,8) -> (16,9)
Info:                Sink xosera_main.video_gen.pb_tile_addr_SB_DFFESR_Q_12_E_SB_LUT4_O_LC.I3
Info:                Defined in:
Info:                  /Users/kenj/Dev/oss-cad-suite/libexec/../share/yosys/ice40/cells_map.v:6.21-6.22
Info:  0.9 21.5  Source xosera_main.video_gen.pb_tile_addr_SB_DFFESR_Q_12_E_SB_LUT4_O_LC.O
Info:  1.8 23.3    Net xosera_main.video_gen.pb_tile_addr_SB_DFFESR_Q_12_E[2] budget 2.579000 ns (16,9) -> (17,10)
Info:                Sink xosera_main.video_gen.pb_tile_addr_SB_DFFESR_Q_11_E_SB_LUT4_O_LC.I3
Info:                Defined in:
Info:                  /Users/kenj/Dev/oss-cad-suite/libexec/../share/yosys/ice40/cells_map.v:6.21-6.22
Info:  0.9 24.1  Source xosera_main.video_gen.pb_tile_addr_SB_DFFESR_Q_11_E_SB_LUT4_O_LC.O
Info:  3.0 27.1    Net xosera_main.video_gen.pb_tile_addr_SB_DFFESR_Q_11_E budget 2.578000 ns (17,10) -> (17,9)
Info:                Sink xosera_main.video_gen.pb_tile_addr_SB_DFFESR_Q_11_D_SB_LUT4_O_LC.CEN
Info:  0.1 27.2  Setup xosera_main.video_gen.pb_tile_addr_SB_DFFESR_Q_11_D_SB_LUT4_O_LC.CEN
Info: 7.5 ns logic, 19.7 ns routing

Info: Critical path report for cross-domain path '<async>' -> '<async>':
Info: curr total
Info:  0.0  0.0  Source led_green$sb_io.D_IN_0
Info:  3.2  3.2    Net led_green$SB_IO_IN budget 41.063999 ns (4,31) -> (8,30)
Info:                Sink bus_out_ena_SB_LUT4_O_LC.I2
Info:                Defined in:
Info:                  upduino/xosera_upd.sv:284.13-304.14
Info:                  ./reg_interface.sv:17.33-17.45
Info:                  ./xosera_main.sv:178.15-218.2
Info:  1.2  4.4  Source bus_out_ena_SB_LUT4_O_LC.O
Info:  4.6  9.0    Net bus_out_ena budget 41.063999 ns (8,30) -> (17,31)
Info:                Sink bus_tristate[7].OUTPUT_ENABLE
Info:                Defined in:
Info:                  upduino/xosera_upd.sv:129.7-129.18
Info: 1.2 ns logic, 7.8 ns routing

Info: Critical path report for cross-domain path '<async>' -> 'posedge pclk':
Info: curr total
Info:  0.0  0.0  Source bus_tristate[0].D_IN_0
Info:  6.2  6.2    Net bus_data_in[0] budget 28.382000 ns (16,31) -> (15,20)
Info:                Sink xosera_main.reg_interface.bus.data_ff0_SB_DFFSR_Q_7_DFFLC.I0
Info:                Defined in:
Info:                  upduino/xosera_upd.sv:284.13-304.14
Info:                  ./reg_interface.sv:20.33-20.43
Info:                  ./xosera_main.sv:178.15-218.2
Info:  1.2  7.4  Setup xosera_main.reg_interface.bus.data_ff0_SB_DFFSR_Q_7_DFFLC.I0
Info: 1.2 ns logic, 6.2 ns routing

Info: Critical path report for cross-domain path 'posedge pclk' -> '<async>':
Info: curr total
Info:  1.4  1.4  Source reconfig_r_SB_DFF_Q_DFFLC.O
Info:  8.7 10.1    Net reconfig_r budget 81.943001 ns (12,30) -> (25,0)
Info:                Sink boot.BOOT
Info:                Defined in:
Info:                  upduino/xosera_upd.sv:110.13-110.23
Info: 1.4 ns logic, 8.7 ns routing

Info: Max frequency for clock 'pclk': 36.73 MHz (PASS at 33.77 MHz)

Info: Max delay <async>      -> <async>     : 8.99 ns
Info: Max delay <async>      -> posedge pclk: 7.41 ns
Info: Max delay posedge pclk -> <async>     : 10.14 ns

Info: Slack histogram:
Info:  legend: * represents 65 endpoint(s)
Info:          + represents [1,65) endpoint(s)
Info: [  2393,   6283) |***********+
Info: [  6283,  10173) |************+
Info: [ 10173,  14063) |************+
Info: [ 14063,  17953) |*****************************+
Info: [ 17953,  21843) |*********************+
Info: [ 21843,  25733) |************************************************************ 
Info: [ 25733,  29623) |+
Info: [ 29623,  33513) | 
Info: [ 33513,  37403) | 
Info: [ 37403,  41293) | 
Info: [ 41293,  45183) | 
Info: [ 45183,  49073) | 
Info: [ 49073,  52963) | 
Info: [ 52963,  56853) | 
Info: [ 56853,  60743) | 
Info: [ 60743,  64633) | 
Info: [ 64633,  68523) | 
Info: [ 68523,  72413) | 
Info: [ 72413,  76303) |+
Info: [ 76303,  80193) |+

Info: Program finished normally.
